{"C:\\Users\\Admin\\OneDrive\\Escritorio\\Api\\Api_Unistock\\src\\application\\use-cases\\auth\\ChangePassword.js": {"path":"C:\\Users\\Admin\\OneDrive\\Escritorio\\Api\\Api_Unistock\\src\\application\\use-cases\\auth\\ChangePassword.js","statementMap":{"0":{"start":{"line":3,"column":26},"end":{"line":3,"column":88}},"1":{"start":{"line":5,"column":23},"end":{"line":5,"column":93}},"2":{"start":{"line":9,"column":8},"end":{"line":9,"column":45}},"3":{"start":{"line":15,"column":8},"end":{"line":19,"column":9}},"4":{"start":{"line":16,"column":24},"end":{"line":16,"column":65}},"5":{"start":{"line":17,"column":12},"end":{"line":17,"column":33}},"6":{"start":{"line":18,"column":12},"end":{"line":18,"column":22}},"7":{"start":{"line":22,"column":8},"end":{"line":29,"column":9}},"8":{"start":{"line":23,"column":24},"end":{"line":26,"column":13}},"9":{"start":{"line":27,"column":12},"end":{"line":27,"column":33}},"10":{"start":{"line":28,"column":12},"end":{"line":28,"column":22}},"11":{"start":{"line":36,"column":21},"end":{"line":36,"column":75}},"12":{"start":{"line":38,"column":8},"end":{"line":42,"column":9}},"13":{"start":{"line":39,"column":24},"end":{"line":39,"column":58}},"14":{"start":{"line":40,"column":12},"end":{"line":40,"column":33}},"15":{"start":{"line":41,"column":12},"end":{"line":41,"column":22}},"16":{"start":{"line":45,"column":22},"end":{"line":45,"column":66}},"17":{"start":{"line":46,"column":8},"end":{"line":50,"column":9}},"18":{"start":{"line":47,"column":24},"end":{"line":47,"column":71}},"19":{"start":{"line":48,"column":12},"end":{"line":48,"column":33}},"20":{"start":{"line":49,"column":12},"end":{"line":49,"column":22}},"21":{"start":{"line":53,"column":31},"end":{"line":53,"column":56}},"22":{"start":{"line":54,"column":8},"end":{"line":54,"column":79}},"23":{"start":{"line":56,"column":8},"end":{"line":56,"column":67}},"24":{"start":{"line":60,"column":0},"end":{"line":60,"column":32}}},"fnMap":{"0":{"name":"(anonymous_0)","decl":{"start":{"line":8,"column":4},"end":{"line":8,"column":5}},"loc":{"start":{"line":8,"column":32},"end":{"line":10,"column":5}},"line":8},"1":{"name":"(anonymous_1)","decl":{"start":{"line":12,"column":4},"end":{"line":12,"column":5}},"loc":{"start":{"line":12,"column":80},"end":{"line":57,"column":5}},"line":12}},"branchMap":{"0":{"loc":{"start":{"line":15,"column":8},"end":{"line":19,"column":9}},"type":"if","locations":[{"start":{"line":15,"column":8},"end":{"line":19,"column":9}},{"start":{},"end":{}}],"line":15},"1":{"loc":{"start":{"line":22,"column":8},"end":{"line":29,"column":9}},"type":"if","locations":[{"start":{"line":22,"column":8},"end":{"line":29,"column":9}},{"start":{},"end":{}}],"line":22},"2":{"loc":{"start":{"line":38,"column":8},"end":{"line":42,"column":9}},"type":"if","locations":[{"start":{"line":38,"column":8},"end":{"line":42,"column":9}},{"start":{},"end":{}}],"line":38},"3":{"loc":{"start":{"line":46,"column":8},"end":{"line":50,"column":9}},"type":"if","locations":[{"start":{"line":46,"column":8},"end":{"line":50,"column":9}},{"start":{},"end":{}}],"line":46}},"s":{"0":1,"1":1,"2":5,"3":5,"4":1,"5":1,"6":1,"7":4,"8":1,"9":1,"10":1,"11":3,"12":3,"13":1,"14":1,"15":1,"16":2,"17":2,"18":1,"19":1,"20":1,"21":1,"22":1,"23":1,"24":1},"f":{"0":5,"1":5},"b":{"0":[1,4],"1":[1,3],"2":[1,2],"3":[1,1]},"_coverageSchema":"1a1c01bbd47fc00a2c39e90264f33305004495a9","hash":"97f25df584be02a9452205e23884d6366d43c9b7"}
,"C:\\Users\\Admin\\OneDrive\\Escritorio\\Api\\Api_Unistock\\src\\application\\use-cases\\auth\\ForgotPassword.js": {"path":"C:\\Users\\Admin\\OneDrive\\Escritorio\\Api\\Api_Unistock\\src\\application\\use-cases\\auth\\ForgotPassword.js","statementMap":{"0":{"start":{"line":1,"column":15},"end":{"line":1,"column":32}},"1":{"start":{"line":2,"column":27},"end":{"line":2,"column":83}},"2":{"start":{"line":3,"column":52},"end":{"line":3,"column":97}},"3":{"start":{"line":7,"column":8},"end":{"line":7,"column":45}},"4":{"start":{"line":11,"column":21},"end":{"line":11,"column":66}},"5":{"start":{"line":13,"column":8},"end":{"line":17,"column":9}},"6":{"start":{"line":14,"column":26},"end":{"line":14,"column":85}},"7":{"start":{"line":15,"column":12},"end":{"line":15,"column":35}},"8":{"start":{"line":16,"column":12},"end":{"line":16,"column":24}},"9":{"start":{"line":19,"column":8},"end":{"line":23,"column":9}},"10":{"start":{"line":20,"column":26},"end":{"line":20,"column":64}},"11":{"start":{"line":21,"column":12},"end":{"line":21,"column":35}},"12":{"start":{"line":22,"column":12},"end":{"line":22,"column":24}},"13":{"start":{"line":26,"column":8},"end":{"line":26,"column":56}},"14":{"start":{"line":29,"column":23},"end":{"line":29,"column":66}},"15":{"start":{"line":32,"column":8},"end":{"line":36,"column":11}},"16":{"start":{"line":39,"column":8},"end":{"line":39,"column":95}},"17":{"start":{"line":42,"column":8},"end":{"line":42,"column":78}},"18":{"start":{"line":44,"column":8},"end":{"line":44,"column":82}},"19":{"start":{"line":48,"column":0},"end":{"line":48,"column":32}}},"fnMap":{"0":{"name":"(anonymous_0)","decl":{"start":{"line":6,"column":4},"end":{"line":6,"column":5}},"loc":{"start":{"line":6,"column":32},"end":{"line":8,"column":5}},"line":6},"1":{"name":"(anonymous_1)","decl":{"start":{"line":10,"column":4},"end":{"line":10,"column":5}},"loc":{"start":{"line":10,"column":30},"end":{"line":45,"column":5}},"line":10}},"branchMap":{"0":{"loc":{"start":{"line":13,"column":8},"end":{"line":17,"column":9}},"type":"if","locations":[{"start":{"line":13,"column":8},"end":{"line":17,"column":9}},{"start":{},"end":{}}],"line":13},"1":{"loc":{"start":{"line":19,"column":8},"end":{"line":23,"column":9}},"type":"if","locations":[{"start":{"line":19,"column":8},"end":{"line":23,"column":9}},{"start":{},"end":{}}],"line":19}},"s":{"0":1,"1":1,"2":1,"3":3,"4":3,"5":3,"6":1,"7":1,"8":1,"9":2,"10":1,"11":1,"12":1,"13":1,"14":1,"15":1,"16":1,"17":1,"18":1,"19":1},"f":{"0":3,"1":3},"b":{"0":[1,2],"1":[1,1]},"_coverageSchema":"1a1c01bbd47fc00a2c39e90264f33305004495a9","hash":"8190e02d1bf323fcd118fadd7f4734bb67dfe50b"}
,"C:\\Users\\Admin\\OneDrive\\Escritorio\\Api\\Api_Unistock\\src\\application\\use-cases\\auth\\LoginUser.js": {"path":"C:\\Users\\Admin\\OneDrive\\Escritorio\\Api\\Api_Unistock\\src\\application\\use-cases\\auth\\LoginUser.js","statementMap":{"0":{"start":{"line":3,"column":20},"end":{"line":3,"column":82}},"1":{"start":{"line":4,"column":21},"end":{"line":4,"column":80}},"2":{"start":{"line":5,"column":35},"end":{"line":5,"column":80}},"3":{"start":{"line":7,"column":30},"end":{"line":7,"column":31}},"4":{"start":{"line":15,"column":4},"end":{"line":15,"column":41}},"5":{"start":{"line":16,"column":4},"end":{"line":16,"column":41}},"6":{"start":{"line":17,"column":4},"end":{"line":17,"column":41}},"7":{"start":{"line":25,"column":4},"end":{"line":46,"column":5}},"8":{"start":{"line":26,"column":25},"end":{"line":26,"column":72}},"9":{"start":{"line":27,"column":6},"end":{"line":27,"column":30}},"10":{"start":{"line":27,"column":23},"end":{"line":27,"column":30}},"11":{"start":{"line":29,"column":23},"end":{"line":29,"column":82}},"12":{"start":{"line":30,"column":6},"end":{"line":43,"column":8}},"13":{"start":{"line":32,"column":10},"end":{"line":41,"column":11}},"14":{"start":{"line":40,"column":12},"end":{"line":40,"column":97}},"15":{"start":{"line":45,"column":6},"end":{"line":45,"column":98}},"16":{"start":{"line":56,"column":17},"end":{"line":56,"column":74}},"17":{"start":{"line":59,"column":4},"end":{"line":63,"column":5}},"18":{"start":{"line":60,"column":20},"end":{"line":60,"column":55}},"19":{"start":{"line":61,"column":6},"end":{"line":61,"column":29}},"20":{"start":{"line":62,"column":6},"end":{"line":62,"column":18}},"21":{"start":{"line":72,"column":4},"end":{"line":76,"column":5}},"22":{"start":{"line":73,"column":20},"end":{"line":73,"column":114}},"23":{"start":{"line":74,"column":6},"end":{"line":74,"column":29}},"24":{"start":{"line":75,"column":6},"end":{"line":75,"column":18}},"25":{"start":{"line":79,"column":18},"end":{"line":79,"column":56}},"26":{"start":{"line":80,"column":4},"end":{"line":102,"column":5}},"27":{"start":{"line":83,"column":23},"end":{"line":83,"column":81}},"28":{"start":{"line":85,"column":6},"end":{"line":97,"column":7}},"29":{"start":{"line":86,"column":8},"end":{"line":86,"column":90}},"30":{"start":{"line":90,"column":8},"end":{"line":90,"column":35}},"31":{"start":{"line":92,"column":22},"end":{"line":94,"column":9}},"32":{"start":{"line":95,"column":8},"end":{"line":95,"column":31}},"33":{"start":{"line":96,"column":8},"end":{"line":96,"column":20}},"34":{"start":{"line":99,"column":20},"end":{"line":99,"column":55}},"35":{"start":{"line":100,"column":6},"end":{"line":100,"column":29}},"36":{"start":{"line":101,"column":6},"end":{"line":101,"column":18}},"37":{"start":{"line":108,"column":4},"end":{"line":108,"column":59}},"38":{"start":{"line":112,"column":16},"end":{"line":112,"column":62}},"39":{"start":{"line":114,"column":4},"end":{"line":118,"column":5}},"40":{"start":{"line":115,"column":20},"end":{"line":115,"column":77}},"41":{"start":{"line":116,"column":6},"end":{"line":116,"column":29}},"42":{"start":{"line":117,"column":6},"end":{"line":117,"column":18}},"43":{"start":{"line":121,"column":17},"end":{"line":121,"column":64}},"44":{"start":{"line":123,"column":4},"end":{"line":127,"column":5}},"45":{"start":{"line":124,"column":20},"end":{"line":124,"column":62}},"46":{"start":{"line":125,"column":6},"end":{"line":125,"column":29}},"47":{"start":{"line":126,"column":6},"end":{"line":126,"column":18}},"48":{"start":{"line":130,"column":18},"end":{"line":138,"column":6}},"49":{"start":{"line":143,"column":4},"end":{"line":143,"column":44}},"50":{"start":{"line":147,"column":0},"end":{"line":147,"column":27}}},"fnMap":{"0":{"name":"(anonymous_0)","decl":{"start":{"line":14,"column":2},"end":{"line":14,"column":3}},"loc":{"start":{"line":14,"column":62},"end":{"line":18,"column":3}},"line":14},"1":{"name":"(anonymous_1)","decl":{"start":{"line":24,"column":2},"end":{"line":24,"column":3}},"loc":{"start":{"line":24,"column":42},"end":{"line":47,"column":3}},"line":24},"2":{"name":"(anonymous_2)","decl":{"start":{"line":31,"column":21},"end":{"line":31,"column":22}},"loc":{"start":{"line":32,"column":10},"end":{"line":41,"column":11}},"line":32},"3":{"name":"(anonymous_3)","decl":{"start":{"line":39,"column":19},"end":{"line":39,"column":20}},"loc":{"start":{"line":40,"column":12},"end":{"line":40,"column":97}},"line":40},"4":{"name":"(anonymous_4)","decl":{"start":{"line":49,"column":2},"end":{"line":49,"column":3}},"loc":{"start":{"line":49,"column":38},"end":{"line":144,"column":3}},"line":49}},"branchMap":{"0":{"loc":{"start":{"line":27,"column":6},"end":{"line":27,"column":30}},"type":"if","locations":[{"start":{"line":27,"column":6},"end":{"line":27,"column":30}},{"start":{},"end":{}}],"line":27},"1":{"loc":{"start":{"line":59,"column":4},"end":{"line":63,"column":5}},"type":"if","locations":[{"start":{"line":59,"column":4},"end":{"line":63,"column":5}},{"start":{},"end":{}}],"line":59},"2":{"loc":{"start":{"line":72,"column":4},"end":{"line":76,"column":5}},"type":"if","locations":[{"start":{"line":72,"column":4},"end":{"line":76,"column":5}},{"start":{},"end":{}}],"line":72},"3":{"loc":{"start":{"line":80,"column":4},"end":{"line":102,"column":5}},"type":"if","locations":[{"start":{"line":80,"column":4},"end":{"line":102,"column":5}},{"start":{},"end":{}}],"line":80},"4":{"loc":{"start":{"line":85,"column":6},"end":{"line":97,"column":7}},"type":"if","locations":[{"start":{"line":85,"column":6},"end":{"line":97,"column":7}},{"start":{},"end":{}}],"line":85},"5":{"loc":{"start":{"line":114,"column":4},"end":{"line":118,"column":5}},"type":"if","locations":[{"start":{"line":114,"column":4},"end":{"line":118,"column":5}},{"start":{},"end":{}}],"line":114},"6":{"loc":{"start":{"line":114,"column":8},"end":{"line":114,"column":42}},"type":"binary-expr","locations":[{"start":{"line":114,"column":8},"end":{"line":114,"column":12}},{"start":{"line":114,"column":16},"end":{"line":114,"column":27}},{"start":{"line":114,"column":31},"end":{"line":114,"column":42}}],"line":114},"7":{"loc":{"start":{"line":123,"column":4},"end":{"line":127,"column":5}},"type":"if","locations":[{"start":{"line":123,"column":4},"end":{"line":127,"column":5}},{"start":{},"end":{}}],"line":123},"8":{"loc":{"start":{"line":123,"column":8},"end":{"line":123,"column":29}},"type":"binary-expr","locations":[{"start":{"line":123,"column":8},"end":{"line":123,"column":13}},{"start":{"line":123,"column":17},"end":{"line":123,"column":29}}],"line":123}},"s":{"0":1,"1":1,"2":1,"3":1,"4":7,"5":7,"6":7,"7":1,"8":1,"9":1,"10":0,"11":1,"12":1,"13":1,"14":0,"15":0,"16":7,"17":7,"18":1,"19":1,"20":1,"21":6,"22":1,"23":1,"24":1,"25":5,"26":5,"27":2,"28":2,"29":1,"30":1,"31":1,"32":1,"33":1,"34":1,"35":1,"36":1,"37":3,"38":3,"39":3,"40":2,"41":2,"42":2,"43":1,"44":0,"45":0,"46":0,"47":0,"48":0,"49":0,"50":1},"f":{"0":7,"1":1,"2":1,"3":0,"4":7},"b":{"0":[0,1],"1":[1,6],"2":[1,5],"3":[2,3],"4":[1,1],"5":[2,1],"6":[3,2,2],"7":[0,0],"8":[0,0]},"_coverageSchema":"1a1c01bbd47fc00a2c39e90264f33305004495a9","hash":"5f6f4d9e60a37730573ef6c03e0dbac7ea0a79fc"}
,"C:\\Users\\Admin\\OneDrive\\Escritorio\\Api\\Api_Unistock\\src\\application\\use-cases\\auth\\ResetPassword.js": {"path":"C:\\Users\\Admin\\OneDrive\\Escritorio\\Api\\Api_Unistock\\src\\application\\use-cases\\auth\\ResetPassword.js","statementMap":{"0":{"start":{"line":1,"column":27},"end":{"line":1,"column":83}},"1":{"start":{"line":2,"column":17},"end":{"line":2,"column":79}},"2":{"start":{"line":3,"column":37},"end":{"line":3,"column":82}},"3":{"start":{"line":5,"column":23},"end":{"line":5,"column":93}},"4":{"start":{"line":9,"column":8},"end":{"line":9,"column":45}},"5":{"start":{"line":14,"column":8},"end":{"line":18,"column":9}},"6":{"start":{"line":15,"column":24},"end":{"line":15,"column":65}},"7":{"start":{"line":16,"column":12},"end":{"line":16,"column":33}},"8":{"start":{"line":17,"column":12},"end":{"line":17,"column":22}},"9":{"start":{"line":21,"column":8},"end":{"line":25,"column":9}},"10":{"start":{"line":22,"column":24},"end":{"line":22,"column":153}},"11":{"start":{"line":23,"column":12},"end":{"line":23,"column":33}},"12":{"start":{"line":24,"column":12},"end":{"line":24,"column":22}},"13":{"start":{"line":28,"column":25},"end":{"line":28,"column":87}},"14":{"start":{"line":30,"column":8},"end":{"line":34,"column":9}},"15":{"start":{"line":31,"column":24},"end":{"line":31,"column":66}},"16":{"start":{"line":32,"column":12},"end":{"line":32,"column":33}},"17":{"start":{"line":33,"column":12},"end":{"line":33,"column":22}},"18":{"start":{"line":37,"column":8},"end":{"line":42,"column":9}},"19":{"start":{"line":38,"column":12},"end":{"line":38,"column":70}},"20":{"start":{"line":39,"column":24},"end":{"line":39,"column":83}},"21":{"start":{"line":40,"column":12},"end":{"line":40,"column":33}},"22":{"start":{"line":41,"column":12},"end":{"line":41,"column":22}},"23":{"start":{"line":45,"column":31},"end":{"line":45,"column":51}},"24":{"start":{"line":46,"column":21},"end":{"line":46,"column":75}},"25":{"start":{"line":47,"column":8},"end":{"line":47,"column":80}},"26":{"start":{"line":50,"column":8},"end":{"line":50,"column":66}},"27":{"start":{"line":53,"column":8},"end":{"line":56,"column":11}},"28":{"start":{"line":58,"column":8},"end":{"line":58,"column":67}},"29":{"start":{"line":62,"column":0},"end":{"line":62,"column":31}}},"fnMap":{"0":{"name":"(anonymous_0)","decl":{"start":{"line":8,"column":4},"end":{"line":8,"column":5}},"loc":{"start":{"line":8,"column":32},"end":{"line":10,"column":5}},"line":8},"1":{"name":"(anonymous_1)","decl":{"start":{"line":12,"column":4},"end":{"line":12,"column":5}},"loc":{"start":{"line":12,"column":63},"end":{"line":59,"column":5}},"line":12}},"branchMap":{"0":{"loc":{"start":{"line":14,"column":8},"end":{"line":18,"column":9}},"type":"if","locations":[{"start":{"line":14,"column":8},"end":{"line":18,"column":9}},{"start":{},"end":{}}],"line":14},"1":{"loc":{"start":{"line":21,"column":8},"end":{"line":25,"column":9}},"type":"if","locations":[{"start":{"line":21,"column":8},"end":{"line":25,"column":9}},{"start":{},"end":{}}],"line":21},"2":{"loc":{"start":{"line":30,"column":8},"end":{"line":34,"column":9}},"type":"if","locations":[{"start":{"line":30,"column":8},"end":{"line":34,"column":9}},{"start":{},"end":{}}],"line":30},"3":{"loc":{"start":{"line":37,"column":8},"end":{"line":42,"column":9}},"type":"if","locations":[{"start":{"line":37,"column":8},"end":{"line":42,"column":9}},{"start":{},"end":{}}],"line":37}},"s":{"0":1,"1":1,"2":1,"3":1,"4":5,"5":5,"6":1,"7":1,"8":1,"9":4,"10":1,"11":1,"12":1,"13":3,"14":3,"15":1,"16":1,"17":1,"18":2,"19":1,"20":1,"21":1,"22":1,"23":1,"24":1,"25":1,"26":1,"27":1,"28":1,"29":1},"f":{"0":5,"1":5},"b":{"0":[1,4],"1":[1,3],"2":[1,2],"3":[1,1]},"_coverageSchema":"1a1c01bbd47fc00a2c39e90264f33305004495a9","hash":"76d16dac2b87f1a29a32c8b646d4b09c63683626"}
,"C:\\Users\\Admin\\OneDrive\\Escritorio\\Api\\Api_Unistock\\src\\application\\use-cases\\auth\\VerifyCode.js": {"path":"C:\\Users\\Admin\\OneDrive\\Escritorio\\Api\\Api_Unistock\\src\\application\\use-cases\\auth\\VerifyCode.js","statementMap":{"0":{"start":{"line":1,"column":15},"end":{"line":1,"column":32}},"1":{"start":{"line":2,"column":27},"end":{"line":2,"column":83}},"2":{"start":{"line":4,"column":21},"end":{"line":4,"column":22}},"3":{"start":{"line":10,"column":25},"end":{"line":13,"column":10}},"4":{"start":{"line":15,"column":8},"end":{"line":19,"column":9}},"5":{"start":{"line":16,"column":24},"end":{"line":16,"column":97}},"6":{"start":{"line":17,"column":12},"end":{"line":17,"column":33}},"7":{"start":{"line":18,"column":12},"end":{"line":18,"column":22}},"8":{"start":{"line":22,"column":8},"end":{"line":27,"column":9}},"9":{"start":{"line":23,"column":12},"end":{"line":23,"column":70}},"10":{"start":{"line":24,"column":24},"end":{"line":24,"column":78}},"11":{"start":{"line":25,"column":12},"end":{"line":25,"column":33}},"12":{"start":{"line":26,"column":12},"end":{"line":26,"column":22}},"13":{"start":{"line":30,"column":8},"end":{"line":35,"column":9}},"14":{"start":{"line":31,"column":12},"end":{"line":31,"column":70}},"15":{"start":{"line":32,"column":24},"end":{"line":32,"column":91}},"16":{"start":{"line":33,"column":12},"end":{"line":33,"column":33}},"17":{"start":{"line":34,"column":12},"end":{"line":34,"column":22}},"18":{"start":{"line":38,"column":8},"end":{"line":47,"column":9}},"19":{"start":{"line":39,"column":12},"end":{"line":42,"column":14}},"20":{"start":{"line":43,"column":38},"end":{"line":43,"column":76}},"21":{"start":{"line":44,"column":24},"end":{"line":44,"column":95}},"22":{"start":{"line":45,"column":12},"end":{"line":45,"column":33}},"23":{"start":{"line":46,"column":12},"end":{"line":46,"column":22}},"24":{"start":{"line":50,"column":27},"end":{"line":50,"column":65}},"25":{"start":{"line":52,"column":8},"end":{"line":55,"column":10}},"26":{"start":{"line":57,"column":8},"end":{"line":57,"column":30}},"27":{"start":{"line":61,"column":0},"end":{"line":61,"column":28}}},"fnMap":{"0":{"name":"(anonymous_0)","decl":{"start":{"line":7,"column":4},"end":{"line":7,"column":5}},"loc":{"start":{"line":7,"column":18},"end":{"line":7,"column":21}},"line":7},"1":{"name":"(anonymous_1)","decl":{"start":{"line":9,"column":4},"end":{"line":9,"column":5}},"loc":{"start":{"line":9,"column":38},"end":{"line":58,"column":5}},"line":9}},"branchMap":{"0":{"loc":{"start":{"line":15,"column":8},"end":{"line":19,"column":9}},"type":"if","locations":[{"start":{"line":15,"column":8},"end":{"line":19,"column":9}},{"start":{},"end":{}}],"line":15},"1":{"loc":{"start":{"line":22,"column":8},"end":{"line":27,"column":9}},"type":"if","locations":[{"start":{"line":22,"column":8},"end":{"line":27,"column":9}},{"start":{},"end":{}}],"line":22},"2":{"loc":{"start":{"line":30,"column":8},"end":{"line":35,"column":9}},"type":"if","locations":[{"start":{"line":30,"column":8},"end":{"line":35,"column":9}},{"start":{},"end":{}}],"line":30},"3":{"loc":{"start":{"line":38,"column":8},"end":{"line":47,"column":9}},"type":"if","locations":[{"start":{"line":38,"column":8},"end":{"line":47,"column":9}},{"start":{},"end":{}}],"line":38}},"s":{"0":1,"1":1,"2":1,"3":5,"4":5,"5":1,"6":1,"7":1,"8":4,"9":1,"10":1,"11":1,"12":1,"13":3,"14":1,"15":1,"16":1,"17":1,"18":2,"19":1,"20":1,"21":1,"22":1,"23":1,"24":1,"25":1,"26":1,"27":1},"f":{"0":5,"1":5},"b":{"0":[1,4],"1":[1,3],"2":[1,2],"3":[1,1]},"_coverageSchema":"1a1c01bbd47fc00a2c39e90264f33305004495a9","hash":"00242dac14a461307e2ad66a8aa443c2b0016855"}
,"C:\\Users\\Admin\\OneDrive\\Escritorio\\Api\\Api_Unistock\\src\\application\\use-cases\\production\\AnularProduction.js": {"path":"C:\\Users\\Admin\\OneDrive\\Escritorio\\Api\\Api_Unistock\\src\\application\\use-cases\\production\\AnularProduction.js","statementMap":{"0":{"start":{"line":2,"column":19},"end":{"line":2,"column":65}},"1":{"start":{"line":6,"column":4},"end":{"line":6,"column":53}},"2":{"start":{"line":10,"column":23},"end":{"line":10,"column":67}},"3":{"start":{"line":12,"column":4},"end":{"line":16,"column":5}},"4":{"start":{"line":13,"column":20},"end":{"line":13,"column":66}},"5":{"start":{"line":14,"column":6},"end":{"line":14,"column":29}},"6":{"start":{"line":15,"column":6},"end":{"line":15,"column":18}},"7":{"start":{"line":18,"column":4},"end":{"line":22,"column":5}},"8":{"start":{"line":19,"column":20},"end":{"line":19,"column":65}},"9":{"start":{"line":20,"column":6},"end":{"line":20,"column":29}},"10":{"start":{"line":21,"column":6},"end":{"line":21,"column":18}},"11":{"start":{"line":24,"column":4},"end":{"line":28,"column":5}},"12":{"start":{"line":25,"column":20},"end":{"line":25,"column":68}},"13":{"start":{"line":26,"column":6},"end":{"line":26,"column":29}},"14":{"start":{"line":27,"column":6},"end":{"line":27,"column":18}},"15":{"start":{"line":30,"column":20},"end":{"line":30,"column":95}},"16":{"start":{"line":31,"column":4},"end":{"line":31,"column":28}},"17":{"start":{"line":35,"column":0},"end":{"line":35,"column":34}}},"fnMap":{"0":{"name":"(anonymous_0)","decl":{"start":{"line":5,"column":2},"end":{"line":5,"column":3}},"loc":{"start":{"line":5,"column":36},"end":{"line":7,"column":3}},"line":5},"1":{"name":"(anonymous_1)","decl":{"start":{"line":9,"column":2},"end":{"line":9,"column":3}},"loc":{"start":{"line":9,"column":46},"end":{"line":32,"column":3}},"line":9}},"branchMap":{"0":{"loc":{"start":{"line":12,"column":4},"end":{"line":16,"column":5}},"type":"if","locations":[{"start":{"line":12,"column":4},"end":{"line":16,"column":5}},{"start":{},"end":{}}],"line":12},"1":{"loc":{"start":{"line":18,"column":4},"end":{"line":22,"column":5}},"type":"if","locations":[{"start":{"line":18,"column":4},"end":{"line":22,"column":5}},{"start":{},"end":{}}],"line":18},"2":{"loc":{"start":{"line":24,"column":4},"end":{"line":28,"column":5}},"type":"if","locations":[{"start":{"line":24,"column":4},"end":{"line":28,"column":5}},{"start":{},"end":{}}],"line":24},"3":{"loc":{"start":{"line":24,"column":8},"end":{"line":24,"column":33}},"type":"binary-expr","locations":[{"start":{"line":24,"column":8},"end":{"line":24,"column":15}},{"start":{"line":24,"column":19},"end":{"line":24,"column":33}}],"line":24}},"s":{"0":0,"1":0,"2":0,"3":0,"4":0,"5":0,"6":0,"7":0,"8":0,"9":0,"10":0,"11":0,"12":0,"13":0,"14":0,"15":0,"16":0,"17":0},"f":{"0":0,"1":0},"b":{"0":[0,0],"1":[0,0],"2":[0,0],"3":[0,0]}}
,"C:\\Users\\Admin\\OneDrive\\Escritorio\\Api\\Api_Unistock\\src\\application\\use-cases\\production\\AsignarEmpleadoProduccion.js": {"path":"C:\\Users\\Admin\\OneDrive\\Escritorio\\Api\\Api_Unistock\\src\\application\\use-cases\\production\\AsignarEmpleadoProduccion.js","statementMap":{"0":{"start":{"line":2,"column":40},"end":{"line":2,"column":85}},"1":{"start":{"line":13,"column":8},"end":{"line":13,"column":57}},"2":{"start":{"line":14,"column":8},"end":{"line":14,"column":45}},"3":{"start":{"line":18,"column":22},"end":{"line":18,"column":71}},"4":{"start":{"line":19,"column":8},"end":{"line":23,"column":9}},"5":{"start":{"line":20,"column":24},"end":{"line":20,"column":70}},"6":{"start":{"line":21,"column":12},"end":{"line":21,"column":33}},"7":{"start":{"line":22,"column":12},"end":{"line":22,"column":22}},"8":{"start":{"line":24,"column":8},"end":{"line":28,"column":9}},"9":{"start":{"line":25,"column":24},"end":{"line":25,"column":86}},"10":{"start":{"line":26,"column":12},"end":{"line":26,"column":33}},"11":{"start":{"line":27,"column":12},"end":{"line":27,"column":22}},"12":{"start":{"line":30,"column":25},"end":{"line":30,"column":71}},"13":{"start":{"line":31,"column":8},"end":{"line":35,"column":9}},"14":{"start":{"line":32,"column":24},"end":{"line":32,"column":59}},"15":{"start":{"line":33,"column":12},"end":{"line":33,"column":33}},"16":{"start":{"line":34,"column":12},"end":{"line":34,"column":22}},"17":{"start":{"line":36,"column":8},"end":{"line":40,"column":9}},"18":{"start":{"line":37,"column":24},"end":{"line":37,"column":75}},"19":{"start":{"line":38,"column":12},"end":{"line":38,"column":33}},"20":{"start":{"line":39,"column":12},"end":{"line":39,"column":22}},"21":{"start":{"line":43,"column":27},"end":{"line":43,"column":113}},"22":{"start":{"line":43,"column":34},"end":{"line":43,"column":113}},"23":{"start":{"line":45,"column":8},"end":{"line":49,"column":9}},"24":{"start":{"line":46,"column":24},"end":{"line":46,"column":89}},"25":{"start":{"line":47,"column":12},"end":{"line":47,"column":33}},"26":{"start":{"line":48,"column":12},"end":{"line":48,"column":22}},"27":{"start":{"line":51,"column":31},"end":{"line":53,"column":28}},"28":{"start":{"line":54,"column":28},"end":{"line":54,"column":52}},"29":{"start":{"line":55,"column":8},"end":{"line":61,"column":9}},"30":{"start":{"line":56,"column":24},"end":{"line":58,"column":13}},"31":{"start":{"line":59,"column":12},"end":{"line":59,"column":33}},"32":{"start":{"line":60,"column":12},"end":{"line":60,"column":22}},"33":{"start":{"line":65,"column":8},"end":{"line":69,"column":9}},"34":{"start":{"line":66,"column":24},"end":{"line":66,"column":98}},"35":{"start":{"line":67,"column":12},"end":{"line":67,"column":33}},"36":{"start":{"line":68,"column":12},"end":{"line":68,"column":22}},"37":{"start":{"line":71,"column":28},"end":{"line":73,"column":10}},"38":{"start":{"line":75,"column":8},"end":{"line":85,"column":9}},"39":{"start":{"line":77,"column":12},"end":{"line":84,"column":15}},"40":{"start":{"line":83,"column":16},"end":{"line":83,"column":89}},"41":{"start":{"line":87,"column":8},"end":{"line":87,"column":36}},"42":{"start":{"line":91,"column":0},"end":{"line":91,"column":43}}},"fnMap":{"0":{"name":"(anonymous_0)","decl":{"start":{"line":12,"column":4},"end":{"line":12,"column":5}},"loc":{"start":{"line":12,"column":54},"end":{"line":15,"column":5}},"line":12},"1":{"name":"(anonymous_1)","decl":{"start":{"line":17,"column":4},"end":{"line":17,"column":5}},"loc":{"start":{"line":17,"column":39},"end":{"line":88,"column":5}},"line":17},"2":{"name":"(anonymous_2)","decl":{"start":{"line":43,"column":27},"end":{"line":43,"column":28}},"loc":{"start":{"line":43,"column":34},"end":{"line":43,"column":113}},"line":43},"3":{"name":"(anonymous_3)","decl":{"start":{"line":82,"column":21},"end":{"line":82,"column":22}},"loc":{"start":{"line":82,"column":30},"end":{"line":84,"column":13}},"line":82}},"branchMap":{"0":{"loc":{"start":{"line":19,"column":8},"end":{"line":23,"column":9}},"type":"if","locations":[{"start":{"line":19,"column":8},"end":{"line":23,"column":9}},{"start":{},"end":{}}],"line":19},"1":{"loc":{"start":{"line":24,"column":8},"end":{"line":28,"column":9}},"type":"if","locations":[{"start":{"line":24,"column":8},"end":{"line":28,"column":9}},{"start":{},"end":{}}],"line":24},"2":{"loc":{"start":{"line":31,"column":8},"end":{"line":35,"column":9}},"type":"if","locations":[{"start":{"line":31,"column":8},"end":{"line":35,"column":9}},{"start":{},"end":{}}],"line":31},"3":{"loc":{"start":{"line":36,"column":8},"end":{"line":40,"column":9}},"type":"if","locations":[{"start":{"line":36,"column":8},"end":{"line":40,"column":9}},{"start":{},"end":{}}],"line":36},"4":{"loc":{"start":{"line":43,"column":35},"end":{"line":43,"column":42}},"type":"binary-expr","locations":[{"start":{"line":43,"column":35},"end":{"line":43,"column":36}},{"start":{"line":43,"column":40},"end":{"line":43,"column":42}}],"line":43},"5":{"loc":{"start":{"line":45,"column":8},"end":{"line":49,"column":9}},"type":"if","locations":[{"start":{"line":45,"column":8},"end":{"line":49,"column":9}},{"start":{},"end":{}}],"line":45},"6":{"loc":{"start":{"line":51,"column":32},"end":{"line":51,"column":97}},"type":"cond-expr","locations":[{"start":{"line":51,"column":64},"end":{"line":51,"column":78}},{"start":{"line":51,"column":81},"end":{"line":51,"column":97}}],"line":51},"7":{"loc":{"start":{"line":55,"column":8},"end":{"line":61,"column":9}},"type":"if","locations":[{"start":{"line":55,"column":8},"end":{"line":61,"column":9}},{"start":{},"end":{}}],"line":55},"8":{"loc":{"start":{"line":65,"column":8},"end":{"line":69,"column":9}},"type":"if","locations":[{"start":{"line":65,"column":8},"end":{"line":69,"column":9}},{"start":{},"end":{}}],"line":65},"9":{"loc":{"start":{"line":65,"column":12},"end":{"line":65,"column":76}},"type":"binary-expr","locations":[{"start":{"line":65,"column":12},"end":{"line":65,"column":24}},{"start":{"line":65,"column":28},"end":{"line":65,"column":76}}],"line":65},"10":{"loc":{"start":{"line":75,"column":8},"end":{"line":85,"column":9}},"type":"if","locations":[{"start":{"line":75,"column":8},"end":{"line":85,"column":9}},{"start":{},"end":{}}],"line":75}},"s":{"0":0,"1":0,"2":0,"3":0,"4":0,"5":0,"6":0,"7":0,"8":0,"9":0,"10":0,"11":0,"12":0,"13":0,"14":0,"15":0,"16":0,"17":0,"18":0,"19":0,"20":0,"21":0,"22":0,"23":0,"24":0,"25":0,"26":0,"27":0,"28":0,"29":0,"30":0,"31":0,"32":0,"33":0,"34":0,"35":0,"36":0,"37":0,"38":0,"39":0,"40":0,"41":0,"42":0},"f":{"0":0,"1":0,"2":0,"3":0},"b":{"0":[0,0],"1":[0,0],"2":[0,0],"3":[0,0],"4":[0,0],"5":[0,0],"6":[0,0],"7":[0,0],"8":[0,0],"9":[0,0],"10":[0,0]}}
,"C:\\Users\\Admin\\OneDrive\\Escritorio\\Api\\Api_Unistock\\src\\application\\use-cases\\production\\CambiarEstadoProduction.js": {"path":"C:\\Users\\Admin\\OneDrive\\Escritorio\\Api\\Api_Unistock\\src\\application\\use-cases\\production\\CambiarEstadoProduction.js","statementMap":{"0":{"start":{"line":2,"column":19},"end":{"line":2,"column":65}},"1":{"start":{"line":3,"column":46},"end":{"line":3,"column":91}},"2":{"start":{"line":7,"column":4},"end":{"line":7,"column":53}},"3":{"start":{"line":8,"column":4},"end":{"line":8,"column":41}},"4":{"start":{"line":18,"column":4},"end":{"line":24,"column":5}},"5":{"start":{"line":19,"column":20},"end":{"line":21,"column":7}},"6":{"start":{"line":22,"column":6},"end":{"line":22,"column":29}},"7":{"start":{"line":23,"column":6},"end":{"line":23,"column":18}},"8":{"start":{"line":27,"column":4},"end":{"line":33,"column":5}},"9":{"start":{"line":28,"column":20},"end":{"line":30,"column":7}},"10":{"start":{"line":31,"column":6},"end":{"line":31,"column":29}},"11":{"start":{"line":32,"column":6},"end":{"line":32,"column":18}},"12":{"start":{"line":35,"column":23},"end":{"line":35,"column":67}},"13":{"start":{"line":37,"column":4},"end":{"line":41,"column":5}},"14":{"start":{"line":38,"column":20},"end":{"line":38,"column":66}},"15":{"start":{"line":39,"column":6},"end":{"line":39,"column":29}},"16":{"start":{"line":40,"column":6},"end":{"line":40,"column":18}},"17":{"start":{"line":43,"column":4},"end":{"line":47,"column":5}},"18":{"start":{"line":44,"column":20},"end":{"line":44,"column":83}},"19":{"start":{"line":45,"column":6},"end":{"line":45,"column":29}},"20":{"start":{"line":46,"column":6},"end":{"line":46,"column":18}},"21":{"start":{"line":49,"column":18},"end":{"line":49,"column":40}},"22":{"start":{"line":50,"column":4},"end":{"line":58,"column":5}},"23":{"start":{"line":51,"column":25},"end":{"line":51,"column":78}},"24":{"start":{"line":52,"column":22},"end":{"line":52,"column":69}},"25":{"start":{"line":53,"column":6},"end":{"line":57,"column":7}},"26":{"start":{"line":54,"column":20},"end":{"line":54,"column":82}},"27":{"start":{"line":55,"column":8},"end":{"line":55,"column":29}},"28":{"start":{"line":56,"column":8},"end":{"line":56,"column":18}},"29":{"start":{"line":64,"column":24},"end":{"line":64,"column":51}},"30":{"start":{"line":65,"column":4},"end":{"line":79,"column":5}},"31":{"start":{"line":66,"column":29},"end":{"line":66,"column":79}},"32":{"start":{"line":70,"column":29},"end":{"line":70,"column":57}},"33":{"start":{"line":71,"column":27},"end":{"line":71,"column":91}},"34":{"start":{"line":72,"column":6},"end":{"line":78,"column":7}},"35":{"start":{"line":73,"column":20},"end":{"line":75,"column":9}},"36":{"start":{"line":76,"column":8},"end":{"line":76,"column":29}},"37":{"start":{"line":77,"column":8},"end":{"line":77,"column":18}},"38":{"start":{"line":81,"column":42},"end":{"line":81,"column":106}},"39":{"start":{"line":86,"column":4},"end":{"line":94,"column":5}},"40":{"start":{"line":87,"column":6},"end":{"line":93,"column":7}},"41":{"start":{"line":88,"column":20},"end":{"line":90,"column":9}},"42":{"start":{"line":91,"column":8},"end":{"line":91,"column":29}},"43":{"start":{"line":92,"column":8},"end":{"line":92,"column":18}},"44":{"start":{"line":98,"column":31},"end":{"line":98,"column":60}},"45":{"start":{"line":99,"column":28},"end":{"line":99,"column":45}},"46":{"start":{"line":101,"column":16},"end":{"line":111,"column":5}},"47":{"start":{"line":117,"column":4},"end":{"line":121,"column":5}},"48":{"start":{"line":118,"column":6},"end":{"line":120,"column":9}},"49":{"start":{"line":119,"column":8},"end":{"line":119,"column":79}},"50":{"start":{"line":123,"column":4},"end":{"line":123,"column":28}},"51":{"start":{"line":127,"column":21},"end":{"line":127,"column":67}},"52":{"start":{"line":128,"column":4},"end":{"line":128,"column":46}},"53":{"start":{"line":128,"column":39},"end":{"line":128,"column":46}},"54":{"start":{"line":130,"column":29},"end":{"line":130,"column":91}},"55":{"start":{"line":131,"column":22},"end":{"line":133,"column":5}},"56":{"start":{"line":132,"column":13},"end":{"line":132,"column":73}},"57":{"start":{"line":134,"column":4},"end":{"line":134,"column":48}},"58":{"start":{"line":134,"column":41},"end":{"line":134,"column":48}},"59":{"start":{"line":136,"column":4},"end":{"line":142,"column":7}},"60":{"start":{"line":146,"column":0},"end":{"line":146,"column":41}}},"fnMap":{"0":{"name":"(anonymous_0)","decl":{"start":{"line":6,"column":2},"end":{"line":6,"column":3}},"loc":{"start":{"line":6,"column":52},"end":{"line":9,"column":3}},"line":6},"1":{"name":"(anonymous_1)","decl":{"start":{"line":17,"column":2},"end":{"line":17,"column":3}},"loc":{"start":{"line":17,"column":65},"end":{"line":124,"column":3}},"line":17},"2":{"name":"(anonymous_2)","decl":{"start":{"line":118,"column":81},"end":{"line":118,"column":82}},"loc":{"start":{"line":118,"column":90},"end":{"line":120,"column":7}},"line":118},"3":{"name":"(anonymous_3)","decl":{"start":{"line":126,"column":2},"end":{"line":126,"column":3}},"loc":{"start":{"line":126,"column":67},"end":{"line":143,"column":3}},"line":126},"4":{"name":"(anonymous_4)","decl":{"start":{"line":132,"column":6},"end":{"line":132,"column":7}},"loc":{"start":{"line":132,"column":13},"end":{"line":132,"column":73}},"line":132}},"branchMap":{"0":{"loc":{"start":{"line":17,"column":51},"end":{"line":17,"column":63}},"type":"default-arg","locations":[{"start":{"line":17,"column":61},"end":{"line":17,"column":63}}],"line":17},"1":{"loc":{"start":{"line":18,"column":4},"end":{"line":24,"column":5}},"type":"if","locations":[{"start":{"line":18,"column":4},"end":{"line":24,"column":5}},{"start":{},"end":{}}],"line":18},"2":{"loc":{"start":{"line":27,"column":4},"end":{"line":33,"column":5}},"type":"if","locations":[{"start":{"line":27,"column":4},"end":{"line":33,"column":5}},{"start":{},"end":{}}],"line":27},"3":{"loc":{"start":{"line":37,"column":4},"end":{"line":41,"column":5}},"type":"if","locations":[{"start":{"line":37,"column":4},"end":{"line":41,"column":5}},{"start":{},"end":{}}],"line":37},"4":{"loc":{"start":{"line":43,"column":4},"end":{"line":47,"column":5}},"type":"if","locations":[{"start":{"line":43,"column":4},"end":{"line":47,"column":5}},{"start":{},"end":{}}],"line":43},"5":{"loc":{"start":{"line":50,"column":4},"end":{"line":58,"column":5}},"type":"if","locations":[{"start":{"line":50,"column":4},"end":{"line":58,"column":5}},{"start":{},"end":{}}],"line":50},"6":{"loc":{"start":{"line":53,"column":6},"end":{"line":57,"column":7}},"type":"if","locations":[{"start":{"line":53,"column":6},"end":{"line":57,"column":7}},{"start":{},"end":{}}],"line":53},"7":{"loc":{"start":{"line":64,"column":24},"end":{"line":64,"column":51}},"type":"binary-expr","locations":[{"start":{"line":64,"column":24},"end":{"line":64,"column":43}},{"start":{"line":64,"column":47},"end":{"line":64,"column":51}}],"line":64},"8":{"loc":{"start":{"line":65,"column":4},"end":{"line":79,"column":5}},"type":"if","locations":[{"start":{"line":65,"column":4},"end":{"line":79,"column":5}},{"start":{},"end":{}}],"line":65},"9":{"loc":{"start":{"line":65,"column":8},"end":{"line":65,"column":52}},"type":"binary-expr","locations":[{"start":{"line":65,"column":8},"end":{"line":65,"column":37}},{"start":{"line":65,"column":41},"end":{"line":65,"column":52}}],"line":65},"10":{"loc":{"start":{"line":66,"column":30},"end":{"line":66,"column":57}},"type":"binary-expr","locations":[{"start":{"line":66,"column":30},"end":{"line":66,"column":51}},{"start":{"line":66,"column":55},"end":{"line":66,"column":57}}],"line":66},"11":{"loc":{"start":{"line":72,"column":6},"end":{"line":78,"column":7}},"type":"if","locations":[{"start":{"line":72,"column":6},"end":{"line":78,"column":7}},{"start":{},"end":{}}],"line":72},"12":{"loc":{"start":{"line":72,"column":10},"end":{"line":72,"column":42}},"type":"binary-expr","locations":[{"start":{"line":72,"column":10},"end":{"line":72,"column":25}},{"start":{"line":72,"column":29},"end":{"line":72,"column":42}}],"line":72},"13":{"loc":{"start":{"line":86,"column":4},"end":{"line":94,"column":5}},"type":"if","locations":[{"start":{"line":86,"column":4},"end":{"line":94,"column":5}},{"start":{},"end":{}}],"line":86},"14":{"loc":{"start":{"line":86,"column":8},"end":{"line":86,"column":75}},"type":"binary-expr","locations":[{"start":{"line":86,"column":8},"end":{"line":86,"column":14}},{"start":{"line":86,"column":18},"end":{"line":86,"column":75}}],"line":86},"15":{"loc":{"start":{"line":87,"column":6},"end":{"line":93,"column":7}},"type":"if","locations":[{"start":{"line":87,"column":6},"end":{"line":93,"column":7}},{"start":{},"end":{}}],"line":87},"16":{"loc":{"start":{"line":87,"column":10},"end":{"line":87,"column":70}},"type":"binary-expr","locations":[{"start":{"line":87,"column":10},"end":{"line":87,"column":39}},{"start":{"line":87,"column":43},"end":{"line":87,"column":70}}],"line":87},"17":{"loc":{"start":{"line":110,"column":12},"end":{"line":110,"column":31}},"type":"binary-expr","locations":[{"start":{"line":110,"column":12},"end":{"line":110,"column":25}},{"start":{"line":110,"column":29},"end":{"line":110,"column":31}}],"line":110},"18":{"loc":{"start":{"line":117,"column":4},"end":{"line":121,"column":5}},"type":"if","locations":[{"start":{"line":117,"column":4},"end":{"line":121,"column":5}},{"start":{},"end":{}}],"line":117},"19":{"loc":{"start":{"line":117,"column":8},"end":{"line":117,"column":49}},"type":"binary-expr","locations":[{"start":{"line":117,"column":8},"end":{"line":117,"column":26}},{"start":{"line":117,"column":30},"end":{"line":117,"column":49}}],"line":117},"20":{"loc":{"start":{"line":128,"column":4},"end":{"line":128,"column":46}},"type":"if","locations":[{"start":{"line":128,"column":4},"end":{"line":128,"column":46}},{"start":{},"end":{}}],"line":128},"21":{"loc":{"start":{"line":128,"column":8},"end":{"line":128,"column":37}},"type":"binary-expr","locations":[{"start":{"line":128,"column":8},"end":{"line":128,"column":17}},{"start":{"line":128,"column":21},"end":{"line":128,"column":37}}],"line":128},"22":{"loc":{"start":{"line":132,"column":14},"end":{"line":132,"column":31}},"type":"binary-expr","locations":[{"start":{"line":132,"column":14},"end":{"line":132,"column":25}},{"start":{"line":132,"column":29},"end":{"line":132,"column":31}}],"line":132},"23":{"loc":{"start":{"line":134,"column":4},"end":{"line":134,"column":48}},"type":"if","locations":[{"start":{"line":134,"column":4},"end":{"line":134,"column":48}},{"start":{},"end":{}}],"line":134},"24":{"loc":{"start":{"line":134,"column":8},"end":{"line":134,"column":39}},"type":"binary-expr","locations":[{"start":{"line":134,"column":8},"end":{"line":134,"column":18}},{"start":{"line":134,"column":22},"end":{"line":134,"column":39}}],"line":134}},"s":{"0":0,"1":0,"2":0,"3":0,"4":0,"5":0,"6":0,"7":0,"8":0,"9":0,"10":0,"11":0,"12":0,"13":0,"14":0,"15":0,"16":0,"17":0,"18":0,"19":0,"20":0,"21":0,"22":0,"23":0,"24":0,"25":0,"26":0,"27":0,"28":0,"29":0,"30":0,"31":0,"32":0,"33":0,"34":0,"35":0,"36":0,"37":0,"38":0,"39":0,"40":0,"41":0,"42":0,"43":0,"44":0,"45":0,"46":0,"47":0,"48":0,"49":0,"50":0,"51":0,"52":0,"53":0,"54":0,"55":0,"56":0,"57":0,"58":0,"59":0,"60":0},"f":{"0":0,"1":0,"2":0,"3":0,"4":0},"b":{"0":[0],"1":[0,0],"2":[0,0],"3":[0,0],"4":[0,0],"5":[0,0],"6":[0,0],"7":[0,0],"8":[0,0],"9":[0,0],"10":[0,0],"11":[0,0],"12":[0,0],"13":[0,0],"14":[0,0],"15":[0,0],"16":[0,0],"17":[0,0],"18":[0,0],"19":[0,0],"20":[0,0],"21":[0,0],"22":[0,0],"23":[0,0],"24":[0,0]}}
,"C:\\Users\\Admin\\OneDrive\\Escritorio\\Api\\Api_Unistock\\src\\application\\use-cases\\production\\ConfirmarEtapaProduccion.js": {"path":"C:\\Users\\Admin\\OneDrive\\Escritorio\\Api\\Api_Unistock\\src\\application\\use-cases\\production\\ConfirmarEtapaProduccion.js","statementMap":{"0":{"start":{"line":16,"column":19},"end":{"line":16,"column":65}},"1":{"start":{"line":17,"column":46},"end":{"line":17,"column":91}},"2":{"start":{"line":19,"column":26},"end":{"line":19,"column":90}},"3":{"start":{"line":23,"column":4},"end":{"line":23,"column":53}},"4":{"start":{"line":24,"column":4},"end":{"line":24,"column":41}},"5":{"start":{"line":29,"column":8},"end":{"line":33,"column":9}},"6":{"start":{"line":30,"column":26},"end":{"line":30,"column":84}},"7":{"start":{"line":31,"column":12},"end":{"line":31,"column":35}},"8":{"start":{"line":32,"column":12},"end":{"line":32,"column":24}},"9":{"start":{"line":36,"column":27},"end":{"line":36,"column":71}},"10":{"start":{"line":37,"column":8},"end":{"line":41,"column":9}},"11":{"start":{"line":38,"column":26},"end":{"line":38,"column":72}},"12":{"start":{"line":39,"column":12},"end":{"line":39,"column":35}},"13":{"start":{"line":40,"column":12},"end":{"line":40,"column":24}},"14":{"start":{"line":44,"column":8},"end":{"line":48,"column":9}},"15":{"start":{"line":45,"column":26},"end":{"line":45,"column":90}},"16":{"start":{"line":46,"column":12},"end":{"line":46,"column":35}},"17":{"start":{"line":47,"column":12},"end":{"line":47,"column":24}},"18":{"start":{"line":51,"column":8},"end":{"line":58,"column":9}},"19":{"start":{"line":52,"column":26},"end":{"line":55,"column":13}},"20":{"start":{"line":56,"column":12},"end":{"line":56,"column":35}},"21":{"start":{"line":57,"column":12},"end":{"line":57,"column":24}},"22":{"start":{"line":61,"column":8},"end":{"line":67,"column":9}},"23":{"start":{"line":62,"column":26},"end":{"line":64,"column":13}},"24":{"start":{"line":65,"column":12},"end":{"line":65,"column":35}},"25":{"start":{"line":66,"column":12},"end":{"line":66,"column":24}},"26":{"start":{"line":70,"column":8},"end":{"line":76,"column":9}},"27":{"start":{"line":71,"column":26},"end":{"line":73,"column":13}},"28":{"start":{"line":74,"column":12},"end":{"line":74,"column":35}},"29":{"start":{"line":75,"column":12},"end":{"line":75,"column":24}},"30":{"start":{"line":79,"column":8},"end":{"line":83,"column":9}},"31":{"start":{"line":80,"column":26},"end":{"line":80,"column":80}},"32":{"start":{"line":81,"column":12},"end":{"line":81,"column":35}},"33":{"start":{"line":82,"column":12},"end":{"line":82,"column":24}},"34":{"start":{"line":85,"column":34},"end":{"line":85,"column":68}},"35":{"start":{"line":88,"column":31},"end":{"line":94,"column":9}},"36":{"start":{"line":96,"column":24},"end":{"line":98,"column":10}},"37":{"start":{"line":100,"column":8},"end":{"line":108,"column":9}},"38":{"start":{"line":101,"column":12},"end":{"line":107,"column":14}},"39":{"start":{"line":110,"column":8},"end":{"line":114,"column":9}},"40":{"start":{"line":111,"column":26},"end":{"line":111,"column":66}},"41":{"start":{"line":112,"column":12},"end":{"line":112,"column":35}},"42":{"start":{"line":113,"column":12},"end":{"line":113,"column":24}},"43":{"start":{"line":116,"column":8},"end":{"line":118,"column":11}},"44":{"start":{"line":117,"column":12},"end":{"line":117,"column":79}},"45":{"start":{"line":120,"column":8},"end":{"line":120,"column":32}},"46":{"start":{"line":124,"column":4},"end":{"line":124,"column":37}},"47":{"start":{"line":124,"column":30},"end":{"line":124,"column":37}},"48":{"start":{"line":126,"column":25},"end":{"line":126,"column":38}},"49":{"start":{"line":127,"column":4},"end":{"line":134,"column":5}},"50":{"start":{"line":128,"column":23},"end":{"line":128,"column":69}},"51":{"start":{"line":129,"column":6},"end":{"line":131,"column":7}},"52":{"start":{"line":130,"column":8},"end":{"line":130,"column":104}},"53":{"start":{"line":133,"column":6},"end":{"line":133,"column":95}},"54":{"start":{"line":136,"column":22},"end":{"line":136,"column":69}},"55":{"start":{"line":138,"column":4},"end":{"line":143,"column":5}},"56":{"start":{"line":139,"column":6},"end":{"line":139,"column":73}},"57":{"start":{"line":141,"column":6},"end":{"line":141,"column":89}},"58":{"start":{"line":142,"column":6},"end":{"line":142,"column":13}},"59":{"start":{"line":144,"column":4},"end":{"line":147,"column":5}},"60":{"start":{"line":145,"column":6},"end":{"line":145,"column":78}},"61":{"start":{"line":146,"column":6},"end":{"line":146,"column":13}},"62":{"start":{"line":150,"column":4},"end":{"line":155,"column":5}},"63":{"start":{"line":151,"column":6},"end":{"line":151,"column":78}},"64":{"start":{"line":153,"column":6},"end":{"line":153,"column":93}},"65":{"start":{"line":154,"column":6},"end":{"line":154,"column":13}},"66":{"start":{"line":157,"column":4},"end":{"line":157,"column":66}},"67":{"start":{"line":157,"column":59},"end":{"line":157,"column":66}},"68":{"start":{"line":159,"column":4},"end":{"line":172,"column":5}},"69":{"start":{"line":160,"column":6},"end":{"line":160,"column":36}},"70":{"start":{"line":160,"column":27},"end":{"line":160,"column":36}},"71":{"start":{"line":161,"column":6},"end":{"line":171,"column":7}},"72":{"start":{"line":162,"column":8},"end":{"line":168,"column":11}},"73":{"start":{"line":170,"column":8},"end":{"line":170,"column":105}},"74":{"start":{"line":176,"column":0},"end":{"line":176,"column":42}}},"fnMap":{"0":{"name":"(anonymous_0)","decl":{"start":{"line":22,"column":2},"end":{"line":22,"column":3}},"loc":{"start":{"line":22,"column":52},"end":{"line":25,"column":3}},"line":22},"1":{"name":"(anonymous_1)","decl":{"start":{"line":27,"column":4},"end":{"line":27,"column":5}},"loc":{"start":{"line":27,"column":63},"end":{"line":121,"column":5}},"line":27},"2":{"name":"(anonymous_2)","decl":{"start":{"line":116,"column":65},"end":{"line":116,"column":66}},"loc":{"start":{"line":116,"column":74},"end":{"line":118,"column":9}},"line":116},"3":{"name":"(anonymous_3)","decl":{"start":{"line":123,"column":2},"end":{"line":123,"column":3}},"loc":{"start":{"line":123,"column":51},"end":{"line":173,"column":3}},"line":123}},"branchMap":{"0":{"loc":{"start":{"line":27,"column":37},"end":{"line":27,"column":61}},"type":"default-arg","locations":[{"start":{"line":27,"column":57},"end":{"line":27,"column":61}}],"line":27},"1":{"loc":{"start":{"line":29,"column":8},"end":{"line":33,"column":9}},"type":"if","locations":[{"start":{"line":29,"column":8},"end":{"line":33,"column":9}},{"start":{},"end":{}}],"line":29},"2":{"loc":{"start":{"line":37,"column":8},"end":{"line":41,"column":9}},"type":"if","locations":[{"start":{"line":37,"column":8},"end":{"line":41,"column":9}},{"start":{},"end":{}}],"line":37},"3":{"loc":{"start":{"line":44,"column":8},"end":{"line":48,"column":9}},"type":"if","locations":[{"start":{"line":44,"column":8},"end":{"line":48,"column":9}},{"start":{},"end":{}}],"line":44},"4":{"loc":{"start":{"line":51,"column":8},"end":{"line":58,"column":9}},"type":"if","locations":[{"start":{"line":51,"column":8},"end":{"line":58,"column":9}},{"start":{},"end":{}}],"line":51},"5":{"loc":{"start":{"line":61,"column":8},"end":{"line":67,"column":9}},"type":"if","locations":[{"start":{"line":61,"column":8},"end":{"line":67,"column":9}},{"start":{},"end":{}}],"line":61},"6":{"loc":{"start":{"line":70,"column":8},"end":{"line":76,"column":9}},"type":"if","locations":[{"start":{"line":70,"column":8},"end":{"line":76,"column":9}},{"start":{},"end":{}}],"line":70},"7":{"loc":{"start":{"line":79,"column":8},"end":{"line":83,"column":9}},"type":"if","locations":[{"start":{"line":79,"column":8},"end":{"line":83,"column":9}},{"start":{},"end":{}}],"line":79},"8":{"loc":{"start":{"line":85,"column":34},"end":{"line":85,"column":68}},"type":"binary-expr","locations":[{"start":{"line":85,"column":34},"end":{"line":85,"column":51}},{"start":{"line":85,"column":55},"end":{"line":85,"column":68}}],"line":85},"9":{"loc":{"start":{"line":100,"column":8},"end":{"line":108,"column":9}},"type":"if","locations":[{"start":{"line":100,"column":8},"end":{"line":108,"column":9}},{"start":{},"end":{}}],"line":100},"10":{"loc":{"start":{"line":110,"column":8},"end":{"line":114,"column":9}},"type":"if","locations":[{"start":{"line":110,"column":8},"end":{"line":114,"column":9}},{"start":{},"end":{}}],"line":110},"11":{"loc":{"start":{"line":124,"column":4},"end":{"line":124,"column":37}},"type":"if","locations":[{"start":{"line":124,"column":4},"end":{"line":124,"column":37}},{"start":{},"end":{}}],"line":124},"12":{"loc":{"start":{"line":129,"column":6},"end":{"line":131,"column":7}},"type":"if","locations":[{"start":{"line":129,"column":6},"end":{"line":131,"column":7}},{"start":{},"end":{}}],"line":129},"13":{"loc":{"start":{"line":130,"column":25},"end":{"line":130,"column":103}},"type":"binary-expr","locations":[{"start":{"line":130,"column":25},"end":{"line":130,"column":48}},{"start":{"line":130,"column":52},"end":{"line":130,"column":67}},{"start":{"line":130,"column":71},"end":{"line":130,"column":86}},{"start":{"line":130,"column":90},"end":{"line":130,"column":103}}],"line":130},"14":{"loc":{"start":{"line":144,"column":4},"end":{"line":147,"column":5}},"type":"if","locations":[{"start":{"line":144,"column":4},"end":{"line":147,"column":5}},{"start":{},"end":{}}],"line":144},"15":{"loc":{"start":{"line":157,"column":4},"end":{"line":157,"column":66}},"type":"if","locations":[{"start":{"line":157,"column":4},"end":{"line":157,"column":66}},{"start":{},"end":{}}],"line":157},"16":{"loc":{"start":{"line":157,"column":8},"end":{"line":157,"column":57}},"type":"binary-expr","locations":[{"start":{"line":157,"column":8},"end":{"line":157,"column":32}},{"start":{"line":157,"column":36},"end":{"line":157,"column":57}}],"line":157},"17":{"loc":{"start":{"line":160,"column":6},"end":{"line":160,"column":36}},"type":"if","locations":[{"start":{"line":160,"column":6},"end":{"line":160,"column":36}},{"start":{},"end":{}}],"line":160},"18":{"loc":{"start":{"line":163,"column":26},"end":{"line":163,"column":79}},"type":"binary-expr","locations":[{"start":{"line":163,"column":26},"end":{"line":163,"column":48}},{"start":{"line":163,"column":52},"end":{"line":163,"column":66}},{"start":{"line":163,"column":70},"end":{"line":163,"column":79}}],"line":163}},"s":{"0":0,"1":0,"2":0,"3":0,"4":0,"5":0,"6":0,"7":0,"8":0,"9":0,"10":0,"11":0,"12":0,"13":0,"14":0,"15":0,"16":0,"17":0,"18":0,"19":0,"20":0,"21":0,"22":0,"23":0,"24":0,"25":0,"26":0,"27":0,"28":0,"29":0,"30":0,"31":0,"32":0,"33":0,"34":0,"35":0,"36":0,"37":0,"38":0,"39":0,"40":0,"41":0,"42":0,"43":0,"44":0,"45":0,"46":0,"47":0,"48":0,"49":0,"50":0,"51":0,"52":0,"53":0,"54":0,"55":0,"56":0,"57":0,"58":0,"59":0,"60":0,"61":0,"62":0,"63":0,"64":0,"65":0,"66":0,"67":0,"68":0,"69":0,"70":0,"71":0,"72":0,"73":0,"74":0},"f":{"0":0,"1":0,"2":0,"3":0},"b":{"0":[0],"1":[0,0],"2":[0,0],"3":[0,0],"4":[0,0],"5":[0,0],"6":[0,0],"7":[0,0],"8":[0,0],"9":[0,0],"10":[0,0],"11":[0,0],"12":[0,0],"13":[0,0,0,0],"14":[0,0],"15":[0,0],"16":[0,0],"17":[0,0],"18":[0,0,0]}}
,"C:\\Users\\Admin\\OneDrive\\Escritorio\\Api\\Api_Unistock\\src\\application\\use-cases\\production\\CreateOrderDetail.js": {"path":"C:\\Users\\Admin\\OneDrive\\Escritorio\\Api\\Api_Unistock\\src\\application\\use-cases\\production\\CreateOrderDetail.js","statementMap":{"0":{"start":{"line":11,"column":4},"end":{"line":11,"column":39}},"1":{"start":{"line":12,"column":4},"end":{"line":12,"column":43}},"2":{"start":{"line":16,"column":55},"end":{"line":16,"column":59}},"3":{"start":{"line":19,"column":4},"end":{"line":23,"column":5}},"4":{"start":{"line":20,"column":18},"end":{"line":20,"column":91}},"5":{"start":{"line":21,"column":6},"end":{"line":21,"column":27}},"6":{"start":{"line":22,"column":6},"end":{"line":22,"column":16}},"7":{"start":{"line":25,"column":16},"end":{"line":25,"column":32}},"8":{"start":{"line":26,"column":4},"end":{"line":30,"column":5}},"9":{"start":{"line":27,"column":18},"end":{"line":27,"column":68}},"10":{"start":{"line":28,"column":6},"end":{"line":28,"column":27}},"11":{"start":{"line":29,"column":6},"end":{"line":29,"column":16}},"12":{"start":{"line":33,"column":18},"end":{"line":33,"column":56}},"13":{"start":{"line":34,"column":4},"end":{"line":38,"column":5}},"14":{"start":{"line":35,"column":18},"end":{"line":35,"column":63}},"15":{"start":{"line":36,"column":6},"end":{"line":36,"column":27}},"16":{"start":{"line":37,"column":6},"end":{"line":37,"column":16}},"17":{"start":{"line":40,"column":4},"end":{"line":44,"column":5}},"18":{"start":{"line":41,"column":18},"end":{"line":41,"column":80}},"19":{"start":{"line":42,"column":6},"end":{"line":42,"column":27}},"20":{"start":{"line":43,"column":6},"end":{"line":43,"column":16}},"21":{"start":{"line":46,"column":19},"end":{"line":52,"column":6}},"22":{"start":{"line":54,"column":4},"end":{"line":54,"column":27}},"23":{"start":{"line":58,"column":0},"end":{"line":58,"column":35}}},"fnMap":{"0":{"name":"(anonymous_0)","decl":{"start":{"line":10,"column":2},"end":{"line":10,"column":3}},"loc":{"start":{"line":10,"column":54},"end":{"line":13,"column":3}},"line":10},"1":{"name":"(anonymous_1)","decl":{"start":{"line":15,"column":2},"end":{"line":15,"column":3}},"loc":{"start":{"line":15,"column":22},"end":{"line":55,"column":3}},"line":15}},"branchMap":{"0":{"loc":{"start":{"line":19,"column":4},"end":{"line":23,"column":5}},"type":"if","locations":[{"start":{"line":19,"column":4},"end":{"line":23,"column":5}},{"start":{},"end":{}}],"line":19},"1":{"loc":{"start":{"line":19,"column":8},"end":{"line":19,"column":59}},"type":"binary-expr","locations":[{"start":{"line":19,"column":8},"end":{"line":19,"column":17}},{"start":{"line":19,"column":21},"end":{"line":19,"column":33}},{"start":{"line":19,"column":37},"end":{"line":19,"column":59}}],"line":19},"2":{"loc":{"start":{"line":26,"column":4},"end":{"line":30,"column":5}},"type":"if","locations":[{"start":{"line":26,"column":4},"end":{"line":30,"column":5}},{"start":{},"end":{}}],"line":26},"3":{"loc":{"start":{"line":26,"column":8},"end":{"line":26,"column":30}},"type":"binary-expr","locations":[{"start":{"line":26,"column":8},"end":{"line":26,"column":18}},{"start":{"line":26,"column":22},"end":{"line":26,"column":30}}],"line":26},"4":{"loc":{"start":{"line":34,"column":4},"end":{"line":38,"column":5}},"type":"if","locations":[{"start":{"line":34,"column":4},"end":{"line":38,"column":5}},{"start":{},"end":{}}],"line":34},"5":{"loc":{"start":{"line":40,"column":4},"end":{"line":44,"column":5}},"type":"if","locations":[{"start":{"line":40,"column":4},"end":{"line":44,"column":5}},{"start":{},"end":{}}],"line":40},"6":{"loc":{"start":{"line":50,"column":17},"end":{"line":50,"column":38}},"type":"binary-expr","locations":[{"start":{"line":50,"column":17},"end":{"line":50,"column":30}},{"start":{"line":50,"column":34},"end":{"line":50,"column":38}}],"line":50}},"s":{"0":0,"1":0,"2":0,"3":0,"4":0,"5":0,"6":0,"7":0,"8":0,"9":0,"10":0,"11":0,"12":0,"13":0,"14":0,"15":0,"16":0,"17":0,"18":0,"19":0,"20":0,"21":0,"22":0,"23":0},"f":{"0":0,"1":0},"b":{"0":[0,0],"1":[0,0,0],"2":[0,0],"3":[0,0],"4":[0,0],"5":[0,0],"6":[0,0]}}
,"C:\\Users\\Admin\\OneDrive\\Escritorio\\Api\\Api_Unistock\\src\\application\\use-cases\\production\\CreateProduction.js": {"path":"C:\\Users\\Admin\\OneDrive\\Escritorio\\Api\\Api_Unistock\\src\\application\\use-cases\\production\\CreateProduction.js","statementMap":{"0":{"start":{"line":4,"column":4},"end":{"line":4,"column":53}},"1":{"start":{"line":8,"column":54},"end":{"line":8,"column":58}},"2":{"start":{"line":10,"column":4},"end":{"line":14,"column":5}},"3":{"start":{"line":11,"column":20},"end":{"line":11,"column":57}},"4":{"start":{"line":12,"column":6},"end":{"line":12,"column":29}},"5":{"start":{"line":13,"column":6},"end":{"line":13,"column":18}},"6":{"start":{"line":16,"column":4},"end":{"line":20,"column":7}},"7":{"start":{"line":24,"column":0},"end":{"line":24,"column":34}}},"fnMap":{"0":{"name":"(anonymous_0)","decl":{"start":{"line":3,"column":2},"end":{"line":3,"column":3}},"loc":{"start":{"line":3,"column":36},"end":{"line":5,"column":3}},"line":3},"1":{"name":"(anonymous_1)","decl":{"start":{"line":7,"column":2},"end":{"line":7,"column":3}},"loc":{"start":{"line":7,"column":22},"end":{"line":21,"column":3}},"line":7}},"branchMap":{"0":{"loc":{"start":{"line":10,"column":4},"end":{"line":14,"column":5}},"type":"if","locations":[{"start":{"line":10,"column":4},"end":{"line":14,"column":5}},{"start":{},"end":{}}],"line":10},"1":{"loc":{"start":{"line":10,"column":8},"end":{"line":10,"column":52}},"type":"binary-expr","locations":[{"start":{"line":10,"column":8},"end":{"line":10,"column":22}},{"start":{"line":10,"column":26},"end":{"line":10,"column":34}},{"start":{"line":10,"column":38},"end":{"line":10,"column":52}}],"line":10}},"s":{"0":0,"1":0,"2":0,"3":0,"4":0,"5":0,"6":0,"7":0},"f":{"0":0,"1":0},"b":{"0":[0,0],"1":[0,0,0]}}
,"C:\\Users\\Admin\\OneDrive\\Escritorio\\Api\\Api_Unistock\\src\\application\\use-cases\\production\\GetAlertasProduction.js": {"path":"C:\\Users\\Admin\\OneDrive\\Escritorio\\Api\\Api_Unistock\\src\\application\\use-cases\\production\\GetAlertasProduction.js","statementMap":{"0":{"start":{"line":5,"column":4},"end":{"line":5,"column":53}},"1":{"start":{"line":19,"column":20},"end":{"line":19,"column":65}},"2":{"start":{"line":20,"column":4},"end":{"line":20,"column":19}},"3":{"start":{"line":24,"column":0},"end":{"line":24,"column":38}}},"fnMap":{"0":{"name":"(anonymous_0)","decl":{"start":{"line":4,"column":2},"end":{"line":4,"column":3}},"loc":{"start":{"line":4,"column":36},"end":{"line":6,"column":3}},"line":4},"1":{"name":"(anonymous_1)","decl":{"start":{"line":18,"column":2},"end":{"line":18,"column":3}},"loc":{"start":{"line":18,"column":18},"end":{"line":21,"column":3}},"line":18}},"branchMap":{},"s":{"0":0,"1":0,"2":0,"3":0},"f":{"0":0,"1":0},"b":{}}
,"C:\\Users\\Admin\\OneDrive\\Escritorio\\Api\\Api_Unistock\\src\\application\\use-cases\\production\\GetCalendarioProduction.js": {"path":"C:\\Users\\Admin\\OneDrive\\Escritorio\\Api\\Api_Unistock\\src\\application\\use-cases\\production\\GetCalendarioProduction.js","statementMap":{"0":{"start":{"line":5,"column":4},"end":{"line":5,"column":53}},"1":{"start":{"line":18,"column":20},"end":{"line":18,"column":84}},"2":{"start":{"line":20,"column":27},"end":{"line":26,"column":5}},"3":{"start":{"line":28,"column":20},"end":{"line":28,"column":22}},"4":{"start":{"line":30,"column":4},"end":{"line":60,"column":7}},"5":{"start":{"line":31,"column":24},"end":{"line":31,"column":94}},"6":{"start":{"line":34,"column":6},"end":{"line":46,"column":9}},"7":{"start":{"line":49,"column":6},"end":{"line":59,"column":9}},"8":{"start":{"line":62,"column":4},"end":{"line":62,"column":19}},"9":{"start":{"line":66,"column":0},"end":{"line":66,"column":41}}},"fnMap":{"0":{"name":"(anonymous_0)","decl":{"start":{"line":4,"column":2},"end":{"line":4,"column":3}},"loc":{"start":{"line":4,"column":36},"end":{"line":6,"column":3}},"line":4},"1":{"name":"(anonymous_1)","decl":{"start":{"line":17,"column":2},"end":{"line":17,"column":3}},"loc":{"start":{"line":17,"column":30},"end":{"line":63,"column":3}},"line":17},"2":{"name":"(anonymous_2)","decl":{"start":{"line":30,"column":20},"end":{"line":30,"column":21}},"loc":{"start":{"line":30,"column":31},"end":{"line":60,"column":5}},"line":30}},"branchMap":{"0":{"loc":{"start":{"line":31,"column":24},"end":{"line":31,"column":94}},"type":"binary-expr","locations":[{"start":{"line":31,"column":24},"end":{"line":31,"column":52}},{"start":{"line":31,"column":56},"end":{"line":31,"column":94}}],"line":31},"1":{"loc":{"start":{"line":37,"column":22},"end":{"line":39,"column":69}},"type":"cond-expr","locations":[{"start":{"line":38,"column":12},"end":{"line":38,"column":75}},{"start":{"line":39,"column":12},"end":{"line":39,"column":69}}],"line":37}},"s":{"0":0,"1":0,"2":0,"3":0,"4":0,"5":0,"6":0,"7":0,"8":0,"9":0},"f":{"0":0,"1":0,"2":0},"b":{"0":[0,0],"1":[0,0]}}
,"C:\\Users\\Admin\\OneDrive\\Escritorio\\Api\\Api_Unistock\\src\\application\\use-cases\\production\\GetEmployeeWorkload.js": {"path":"C:\\Users\\Admin\\OneDrive\\Escritorio\\Api\\Api_Unistock\\src\\application\\use-cases\\production\\GetEmployeeWorkload.js","statementMap":{"0":{"start":{"line":12,"column":8},"end":{"line":12,"column":45}},"1":{"start":{"line":13,"column":8},"end":{"line":13,"column":57}},"2":{"start":{"line":17,"column":27},"end":{"line":17,"column":113}},"3":{"start":{"line":17,"column":34},"end":{"line":17,"column":113}},"4":{"start":{"line":18,"column":26},"end":{"line":18,"column":43}},"5":{"start":{"line":20,"column":25},"end":{"line":20,"column":62}},"6":{"start":{"line":21,"column":26},"end":{"line":26,"column":10}},"7":{"start":{"line":22,"column":12},"end":{"line":22,"column":49}},"8":{"start":{"line":22,"column":36},"end":{"line":22,"column":49}},"9":{"start":{"line":23,"column":12},"end":{"line":23,"column":69}},"10":{"start":{"line":23,"column":56},"end":{"line":23,"column":69}},"11":{"start":{"line":24,"column":12},"end":{"line":24,"column":40}},"12":{"start":{"line":24,"column":28},"end":{"line":24,"column":40}},"13":{"start":{"line":25,"column":12},"end":{"line":25,"column":77}},"14":{"start":{"line":25,"column":48},"end":{"line":25,"column":75}},"15":{"start":{"line":28,"column":24},"end":{"line":28,"column":67}},"16":{"start":{"line":29,"column":23},"end":{"line":29,"column":25}},"17":{"start":{"line":30,"column":8},"end":{"line":35,"column":11}},"18":{"start":{"line":31,"column":26},"end":{"line":31,"column":46}},"19":{"start":{"line":32,"column":12},"end":{"line":32,"column":83}},"20":{"start":{"line":32,"column":76},"end":{"line":32,"column":83}},"21":{"start":{"line":33,"column":24},"end":{"line":33,"column":37}},"22":{"start":{"line":34,"column":12},"end":{"line":34,"column":49}},"23":{"start":{"line":37,"column":8},"end":{"line":41,"column":12}},"24":{"start":{"line":37,"column":37},"end":{"line":41,"column":9}},"25":{"start":{"line":45,"column":0},"end":{"line":45,"column":37}}},"fnMap":{"0":{"name":"(anonymous_0)","decl":{"start":{"line":11,"column":4},"end":{"line":11,"column":5}},"loc":{"start":{"line":11,"column":54},"end":{"line":14,"column":5}},"line":11},"1":{"name":"(anonymous_1)","decl":{"start":{"line":16,"column":4},"end":{"line":16,"column":5}},"loc":{"start":{"line":16,"column":25},"end":{"line":42,"column":5}},"line":16},"2":{"name":"(anonymous_2)","decl":{"start":{"line":17,"column":27},"end":{"line":17,"column":28}},"loc":{"start":{"line":17,"column":34},"end":{"line":17,"column":113}},"line":17},"3":{"name":"(anonymous_3)","decl":{"start":{"line":21,"column":50},"end":{"line":21,"column":51}},"loc":{"start":{"line":21,"column":57},"end":{"line":26,"column":9}},"line":21},"4":{"name":"(anonymous_4)","decl":{"start":{"line":25,"column":41},"end":{"line":25,"column":42}},"loc":{"start":{"line":25,"column":48},"end":{"line":25,"column":75}},"line":25},"5":{"name":"(anonymous_5)","decl":{"start":{"line":30,"column":32},"end":{"line":30,"column":33}},"loc":{"start":{"line":30,"column":39},"end":{"line":35,"column":9}},"line":30},"6":{"name":"(anonymous_6)","decl":{"start":{"line":37,"column":29},"end":{"line":37,"column":30}},"loc":{"start":{"line":37,"column":37},"end":{"line":41,"column":9}},"line":37}},"branchMap":{"0":{"loc":{"start":{"line":17,"column":35},"end":{"line":17,"column":42}},"type":"binary-expr","locations":[{"start":{"line":17,"column":35},"end":{"line":17,"column":36}},{"start":{"line":17,"column":40},"end":{"line":17,"column":42}}],"line":17},"1":{"loc":{"start":{"line":21,"column":27},"end":{"line":21,"column":41}},"type":"binary-expr","locations":[{"start":{"line":21,"column":27},"end":{"line":21,"column":35}},{"start":{"line":21,"column":39},"end":{"line":21,"column":41}}],"line":21},"2":{"loc":{"start":{"line":22,"column":12},"end":{"line":22,"column":49}},"type":"if","locations":[{"start":{"line":22,"column":12},"end":{"line":22,"column":49}},{"start":{},"end":{}}],"line":22},"3":{"loc":{"start":{"line":23,"column":12},"end":{"line":23,"column":69}},"type":"if","locations":[{"start":{"line":23,"column":12},"end":{"line":23,"column":69}},{"start":{},"end":{}}],"line":23},"4":{"loc":{"start":{"line":24,"column":12},"end":{"line":24,"column":40}},"type":"if","locations":[{"start":{"line":24,"column":12},"end":{"line":24,"column":40}},{"start":{},"end":{}}],"line":24},"5":{"loc":{"start":{"line":25,"column":20},"end":{"line":25,"column":34}},"type":"binary-expr","locations":[{"start":{"line":25,"column":20},"end":{"line":25,"column":28}},{"start":{"line":25,"column":32},"end":{"line":25,"column":34}}],"line":25},"6":{"loc":{"start":{"line":30,"column":9},"end":{"line":30,"column":22}},"type":"binary-expr","locations":[{"start":{"line":30,"column":9},"end":{"line":30,"column":16}},{"start":{"line":30,"column":20},"end":{"line":30,"column":22}}],"line":30},"7":{"loc":{"start":{"line":32,"column":12},"end":{"line":32,"column":83}},"type":"if","locations":[{"start":{"line":32,"column":12},"end":{"line":32,"column":83}},{"start":{},"end":{}}],"line":32},"8":{"loc":{"start":{"line":32,"column":16},"end":{"line":32,"column":74}},"type":"binary-expr","locations":[{"start":{"line":32,"column":16},"end":{"line":32,"column":22}},{"start":{"line":32,"column":26},"end":{"line":32,"column":48}},{"start":{"line":32,"column":52},"end":{"line":32,"column":74}}],"line":32},"9":{"loc":{"start":{"line":34,"column":27},"end":{"line":34,"column":43}},"type":"binary-expr","locations":[{"start":{"line":34,"column":27},"end":{"line":34,"column":38}},{"start":{"line":34,"column":42},"end":{"line":34,"column":43}}],"line":34},"10":{"loc":{"start":{"line":40,"column":35},"end":{"line":40,"column":60}},"type":"binary-expr","locations":[{"start":{"line":40,"column":35},"end":{"line":40,"column":55}},{"start":{"line":40,"column":59},"end":{"line":40,"column":60}}],"line":40}},"s":{"0":0,"1":0,"2":0,"3":0,"4":0,"5":0,"6":0,"7":0,"8":0,"9":0,"10":0,"11":0,"12":0,"13":0,"14":0,"15":0,"16":0,"17":0,"18":0,"19":0,"20":0,"21":0,"22":0,"23":0,"24":0,"25":0},"f":{"0":0,"1":0,"2":0,"3":0,"4":0,"5":0,"6":0},"b":{"0":[0,0],"1":[0,0],"2":[0,0],"3":[0,0],"4":[0,0],"5":[0,0],"6":[0,0],"7":[0,0],"8":[0,0,0],"9":[0,0],"10":[0,0]}}
,"C:\\Users\\Admin\\OneDrive\\Escritorio\\Api\\Api_Unistock\\src\\application\\use-cases\\production\\GetOrderDetails.js": {"path":"C:\\Users\\Admin\\OneDrive\\Escritorio\\Api\\Api_Unistock\\src\\application\\use-cases\\production\\GetOrderDetails.js","statementMap":{"0":{"start":{"line":10,"column":4},"end":{"line":10,"column":39}},"1":{"start":{"line":18,"column":20},"end":{"line":18,"column":58}},"2":{"start":{"line":19,"column":4},"end":{"line":19,"column":42}},"3":{"start":{"line":19,"column":30},"end":{"line":19,"column":40}},"4":{"start":{"line":23,"column":0},"end":{"line":23,"column":33}}},"fnMap":{"0":{"name":"(anonymous_0)","decl":{"start":{"line":9,"column":2},"end":{"line":9,"column":3}},"loc":{"start":{"line":9,"column":32},"end":{"line":11,"column":3}},"line":9},"1":{"name":"(anonymous_1)","decl":{"start":{"line":17,"column":2},"end":{"line":17,"column":3}},"loc":{"start":{"line":17,"column":30},"end":{"line":20,"column":3}},"line":17},"2":{"name":"(anonymous_2)","decl":{"start":{"line":19,"column":23},"end":{"line":19,"column":24}},"loc":{"start":{"line":19,"column":30},"end":{"line":19,"column":40}},"line":19}},"branchMap":{"0":{"loc":{"start":{"line":17,"column":16},"end":{"line":17,"column":28}},"type":"default-arg","locations":[{"start":{"line":17,"column":26},"end":{"line":17,"column":28}}],"line":17}},"s":{"0":0,"1":0,"2":0,"3":0,"4":0},"f":{"0":0,"1":0,"2":0},"b":{"0":[0]}}
,"C:\\Users\\Admin\\OneDrive\\Escritorio\\Api\\Api_Unistock\\src\\application\\use-cases\\production\\GetProduction.js": {"path":"C:\\Users\\Admin\\OneDrive\\Escritorio\\Api\\Api_Unistock\\src\\application\\use-cases\\production\\GetProduction.js","statementMap":{"0":{"start":{"line":6,"column":4},"end":{"line":6,"column":53}},"1":{"start":{"line":10,"column":22},"end":{"line":10,"column":70}},"2":{"start":{"line":11,"column":2},"end":{"line":11,"column":44}},"3":{"start":{"line":11,"column":32},"end":{"line":11,"column":42}}},"fnMap":{"0":{"name":"(anonymous_0)","decl":{"start":{"line":5,"column":2},"end":{"line":5,"column":3}},"loc":{"start":{"line":5,"column":36},"end":{"line":7,"column":3}},"line":5},"1":{"name":"(anonymous_1)","decl":{"start":{"line":9,"column":2},"end":{"line":9,"column":3}},"loc":{"start":{"line":9,"column":30},"end":{"line":12,"column":1}},"line":9},"2":{"name":"(anonymous_2)","decl":{"start":{"line":11,"column":25},"end":{"line":11,"column":26}},"loc":{"start":{"line":11,"column":32},"end":{"line":11,"column":42}},"line":11}},"branchMap":{"0":{"loc":{"start":{"line":9,"column":16},"end":{"line":9,"column":28}},"type":"default-arg","locations":[{"start":{"line":9,"column":26},"end":{"line":9,"column":28}}],"line":9}},"s":{"0":0,"1":0,"2":0,"3":0},"f":{"0":0,"1":0,"2":0},"b":{"0":[0]}}
,"C:\\Users\\Admin\\OneDrive\\Escritorio\\Api\\Api_Unistock\\src\\application\\use-cases\\production\\GetProductionById.js": {"path":"C:\\Users\\Admin\\OneDrive\\Escritorio\\Api\\Api_Unistock\\src\\application\\use-cases\\production\\GetProductionById.js","statementMap":{"0":{"start":{"line":5,"column":4},"end":{"line":5,"column":53}},"1":{"start":{"line":9,"column":23},"end":{"line":9,"column":61}},"2":{"start":{"line":11,"column":4},"end":{"line":15,"column":5}},"3":{"start":{"line":12,"column":20},"end":{"line":12,"column":57}},"4":{"start":{"line":13,"column":6},"end":{"line":13,"column":29}},"5":{"start":{"line":14,"column":6},"end":{"line":14,"column":18}},"6":{"start":{"line":17,"column":4},"end":{"line":17,"column":33}}},"fnMap":{"0":{"name":"(anonymous_0)","decl":{"start":{"line":4,"column":2},"end":{"line":4,"column":3}},"loc":{"start":{"line":4,"column":36},"end":{"line":6,"column":3}},"line":4},"1":{"name":"(anonymous_1)","decl":{"start":{"line":8,"column":2},"end":{"line":8,"column":3}},"loc":{"start":{"line":8,"column":14},"end":{"line":18,"column":3}},"line":8}},"branchMap":{"0":{"loc":{"start":{"line":11,"column":4},"end":{"line":15,"column":5}},"type":"if","locations":[{"start":{"line":11,"column":4},"end":{"line":15,"column":5}},{"start":{},"end":{}}],"line":11}},"s":{"0":0,"1":0,"2":0,"3":0,"4":0,"5":0,"6":0},"f":{"0":0,"1":0},"b":{"0":[0,0]}}
,"C:\\Users\\Admin\\OneDrive\\Escritorio\\Api\\Api_Unistock\\src\\application\\use-cases\\production\\GetProductions.js": {"path":"C:\\Users\\Admin\\OneDrive\\Escritorio\\Api\\Api_Unistock\\src\\application\\use-cases\\production\\GetProductions.js","statementMap":{"0":{"start":{"line":5,"column":4},"end":{"line":5,"column":53}},"1":{"start":{"line":13,"column":19},"end":{"line":13,"column":67}},"2":{"start":{"line":14,"column":19},"end":{"line":14,"column":65}},"3":{"start":{"line":15,"column":4},"end":{"line":21,"column":6}},"4":{"start":{"line":16,"column":30},"end":{"line":16,"column":40}},"5":{"start":{"line":25,"column":0},"end":{"line":25,"column":32}}},"fnMap":{"0":{"name":"(anonymous_0)","decl":{"start":{"line":4,"column":2},"end":{"line":4,"column":3}},"loc":{"start":{"line":4,"column":36},"end":{"line":6,"column":3}},"line":4},"1":{"name":"(anonymous_1)","decl":{"start":{"line":12,"column":0},"end":{"line":12,"column":1}},"loc":{"start":{"line":12,"column":28},"end":{"line":22,"column":3}},"line":12},"2":{"name":"(anonymous_2)","decl":{"start":{"line":16,"column":23},"end":{"line":16,"column":24}},"loc":{"start":{"line":16,"column":30},"end":{"line":16,"column":40}},"line":16}},"branchMap":{"0":{"loc":{"start":{"line":12,"column":14},"end":{"line":12,"column":26}},"type":"default-arg","locations":[{"start":{"line":12,"column":24},"end":{"line":12,"column":26}}],"line":12},"1":{"loc":{"start":{"line":14,"column":19},"end":{"line":14,"column":65}},"type":"cond-expr","locations":[{"start":{"line":14,"column":49},"end":{"line":14,"column":60}},{"start":{"line":14,"column":63},"end":{"line":14,"column":65}}],"line":14},"2":{"loc":{"start":{"line":17,"column":13},"end":{"line":17,"column":30}},"type":"binary-expr","locations":[{"start":{"line":17,"column":13},"end":{"line":17,"column":25}},{"start":{"line":17,"column":29},"end":{"line":17,"column":30}}],"line":17},"3":{"loc":{"start":{"line":18,"column":12},"end":{"line":18,"column":28}},"type":"binary-expr","locations":[{"start":{"line":18,"column":12},"end":{"line":18,"column":23}},{"start":{"line":18,"column":27},"end":{"line":18,"column":28}}],"line":18},"4":{"loc":{"start":{"line":19,"column":13},"end":{"line":19,"column":42}},"type":"binary-expr","locations":[{"start":{"line":19,"column":13},"end":{"line":19,"column":25}},{"start":{"line":19,"column":29},"end":{"line":19,"column":42}}],"line":19},"5":{"loc":{"start":{"line":20,"column":18},"end":{"line":20,"column":40}},"type":"binary-expr","locations":[{"start":{"line":20,"column":18},"end":{"line":20,"column":35}},{"start":{"line":20,"column":39},"end":{"line":20,"column":40}}],"line":20}},"s":{"0":0,"1":0,"2":0,"3":0,"4":0,"5":0},"f":{"0":0,"1":0,"2":0},"b":{"0":[0],"1":[0,0],"2":[0,0],"3":[0,0],"4":[0,0],"5":[0,0]}}
,"C:\\Users\\Admin\\OneDrive\\Escritorio\\Api\\Api_Unistock\\src\\application\\use-cases\\production\\ReasignarEmpleadoProduccion.js": {"path":"C:\\Users\\Admin\\OneDrive\\Escritorio\\Api\\Api_Unistock\\src\\application\\use-cases\\production\\ReasignarEmpleadoProduccion.js","statementMap":{"0":{"start":{"line":1,"column":40},"end":{"line":1,"column":85}},"1":{"start":{"line":5,"column":8},"end":{"line":5,"column":57}},"2":{"start":{"line":6,"column":8},"end":{"line":6,"column":45}},"3":{"start":{"line":10,"column":22},"end":{"line":10,"column":71}},"4":{"start":{"line":11,"column":8},"end":{"line":15,"column":9}},"5":{"start":{"line":12,"column":24},"end":{"line":12,"column":70}},"6":{"start":{"line":13,"column":12},"end":{"line":13,"column":33}},"7":{"start":{"line":14,"column":12},"end":{"line":14,"column":22}},"8":{"start":{"line":16,"column":8},"end":{"line":20,"column":9}},"9":{"start":{"line":17,"column":24},"end":{"line":17,"column":89}},"10":{"start":{"line":18,"column":12},"end":{"line":18,"column":33}},"11":{"start":{"line":19,"column":12},"end":{"line":19,"column":22}},"12":{"start":{"line":22,"column":8},"end":{"line":26,"column":9}},"13":{"start":{"line":23,"column":24},"end":{"line":23,"column":99}},"14":{"start":{"line":24,"column":12},"end":{"line":24,"column":33}},"15":{"start":{"line":25,"column":12},"end":{"line":25,"column":22}},"16":{"start":{"line":28,"column":35},"end":{"line":28,"column":59}},"17":{"start":{"line":30,"column":30},"end":{"line":30,"column":81}},"18":{"start":{"line":31,"column":8},"end":{"line":35,"column":9}},"19":{"start":{"line":32,"column":24},"end":{"line":32,"column":59}},"20":{"start":{"line":33,"column":12},"end":{"line":33,"column":33}},"21":{"start":{"line":34,"column":12},"end":{"line":34,"column":22}},"22":{"start":{"line":36,"column":8},"end":{"line":40,"column":9}},"23":{"start":{"line":37,"column":24},"end":{"line":37,"column":75}},"24":{"start":{"line":38,"column":12},"end":{"line":38,"column":33}},"25":{"start":{"line":39,"column":12},"end":{"line":39,"column":22}},"26":{"start":{"line":42,"column":27},"end":{"line":42,"column":113}},"27":{"start":{"line":42,"column":34},"end":{"line":42,"column":113}},"28":{"start":{"line":44,"column":8},"end":{"line":48,"column":9}},"29":{"start":{"line":45,"column":24},"end":{"line":45,"column":89}},"30":{"start":{"line":46,"column":12},"end":{"line":46,"column":33}},"31":{"start":{"line":47,"column":12},"end":{"line":47,"column":22}},"32":{"start":{"line":50,"column":31},"end":{"line":52,"column":28}},"33":{"start":{"line":53,"column":28},"end":{"line":53,"column":52}},"34":{"start":{"line":54,"column":8},"end":{"line":60,"column":9}},"35":{"start":{"line":55,"column":24},"end":{"line":57,"column":13}},"36":{"start":{"line":58,"column":12},"end":{"line":58,"column":33}},"37":{"start":{"line":59,"column":12},"end":{"line":59,"column":22}},"38":{"start":{"line":62,"column":8},"end":{"line":66,"column":9}},"39":{"start":{"line":63,"column":24},"end":{"line":63,"column":98}},"40":{"start":{"line":64,"column":12},"end":{"line":64,"column":33}},"41":{"start":{"line":65,"column":12},"end":{"line":65,"column":22}},"42":{"start":{"line":68,"column":8},"end":{"line":72,"column":9}},"43":{"start":{"line":69,"column":24},"end":{"line":69,"column":91}},"44":{"start":{"line":70,"column":12},"end":{"line":70,"column":33}},"45":{"start":{"line":71,"column":12},"end":{"line":71,"column":22}},"46":{"start":{"line":74,"column":28},"end":{"line":76,"column":10}},"47":{"start":{"line":78,"column":33},"end":{"line":80,"column":18}},"48":{"start":{"line":79,"column":81},"end":{"line":79,"column":85}},"49":{"start":{"line":82,"column":31},"end":{"line":82,"column":80}},"50":{"start":{"line":83,"column":28},"end":{"line":83,"column":56}},"51":{"start":{"line":84,"column":30},"end":{"line":84,"column":51}},"52":{"start":{"line":85,"column":30},"end":{"line":85,"column":60}},"53":{"start":{"line":87,"column":8},"end":{"line":93,"column":10}},"54":{"start":{"line":95,"column":8},"end":{"line":104,"column":9}},"55":{"start":{"line":96,"column":12},"end":{"line":103,"column":15}},"56":{"start":{"line":102,"column":16},"end":{"line":102,"column":91}},"57":{"start":{"line":106,"column":8},"end":{"line":115,"column":9}},"58":{"start":{"line":107,"column":12},"end":{"line":114,"column":15}},"59":{"start":{"line":113,"column":16},"end":{"line":113,"column":108}},"60":{"start":{"line":117,"column":25},"end":{"line":117,"column":45}},"61":{"start":{"line":118,"column":8},"end":{"line":118,"column":57}},"62":{"start":{"line":119,"column":8},"end":{"line":119,"column":51}},"63":{"start":{"line":120,"column":8},"end":{"line":120,"column":
[...]
,"column":4},"end":{"line":63,"column":67}},"28":{"start":{"line":63,"column":25},"end":{"line":63,"column":67}},"29":{"start":{"line":64,"column":4},"end":{"line":64,"column":71}},"30":{"start":{"line":64,"column":24},"end":{"line":64,"column":71}},"31":{"start":{"line":65,"column":4},"end":{"line":65,"column":40}},"32":{"start":{"line":65,"column":16},"end":{"line":65,"column":40}},"33":{"start":{"line":67,"column":4},"end":{"line":91,"column":5}},"34":{"start":{"line":68,"column":19},"end":{"line":68,"column":60}},"35":{"start":{"line":69,"column":6},"end":{"line":73,"column":7}},"36":{"start":{"line":70,"column":22},"end":{"line":70,"column":58}},"37":{"start":{"line":71,"column":8},"end":{"line":71,"column":31}},"38":{"start":{"line":72,"column":8},"end":{"line":72,"column":20}},"39":{"start":{"line":78,"column":6},"end":{"line":88,"column":7}},"40":{"start":{"line":80,"column":10},"end":{"line":80,"column":72}},"41":{"start":{"line":81,"column":8},"end":{"line":87,"column":9}},"42":{"start":{"line":82,"column":24},"end":{"line":84,"column":11}},"43":{"start":{"line":85,"column":10},"end":{"line":85,"column":33}},"44":{"start":{"line":86,"column":10},"end":{"line":86,"column":22}},"45":{"start":{"line":90,"column":6},"end":{"line":90,"column":28}},"46":{"start":{"line":93,"column":4},"end":{"line":101,"column":5}},"47":{"start":{"line":94,"column":19},"end":{"line":94,"column":61}},"48":{"start":{"line":95,"column":6},"end":{"line":99,"column":7}},"49":{"start":{"line":96,"column":22},"end":{"line":96,"column":59}},"50":{"start":{"line":97,"column":8},"end":{"line":97,"column":31}},"51":{"start":{"line":98,"column":8},"end":{"line":98,"column":20}},"52":{"start":{"line":100,"column":6},"end":{"line":100,"column":30}},"53":{"start":{"line":108,"column":21},"end":{"line":108,"column":40}},"54":{"start":{"line":109,"column":22},"end":{"line":109,"column":42}},"55":{"start":{"line":110,"column":4},"end":{"line":115,"column":5}},"56":{"start":{"line":111,"column":25},"end":{"line":111,"column":57}},"57":{"start":{"line":114,"column":6},"end":{"line":114,"column":33}},"58":{"start":{"line":118,"column":4},"end":{"line":120,"column":5}},"59":{"start":{"line":119,"column":6},"end":{"line":119,"column":64}},"60":{"start":{"line":122,"column":20},"end":{"line":122,"column":65}},"61":{"start":{"line":123,"column":4},"end":{"line":127,"column":5}},"62":{"start":{"line":124,"column":20},"end":{"line":124,"column":54}},"63":{"start":{"line":125,"column":6},"end":{"line":125,"column":29}},"64":{"start":{"line":126,"column":6},"end":{"line":126,"column":18}},"65":{"start":{"line":128,"column":40},"end":{"line":130,"column":15}},"66":{"start":{"line":131,"column":4},"end":{"line":131,"column":22}},"67":{"start":{"line":135,"column":0},"end":{"line":135,"column":28}}},"fnMap":{"0":{"name":"(anonymous_0)","decl":{"start":{"line":3,"column":24},"end":{"line":3,"column":25}},"loc":{"start":{"line":3,"column":35},"end":{"line":9,"column":1}},"line":3},"1":{"name":"(anonymous_1)","decl":{"start":{"line":6,"column":11},"end":{"line":6,"column":12}},"loc":{"start":{"line":6,"column":21},"end":{"line":6,"column":40}},"line":6},"2":{"name":"(anonymous_2)","decl":{"start":{"line":12,"column":2},"end":{"line":12,"column":3}},"loc":{"start":{"line":12,"column":62},"end":{"line":16,"column":3}},"line":12},"3":{"name":"(anonymous_3)","decl":{"start":{"line":18,"column":2},"end":{"line":18,"column":3}},"loc":{"start":{"line":18,"column":26},"end":{"line":132,"column":3}},"line":18}},"branchMap":{"0":{"loc":{"start":{"line":5,"column":5},"end":{"line":5,"column":56}},"type":"cond-expr","locations":[{"start":{"line":5,"column":28},"end":{"line":5,"column":33}},{"start":{"line":5,"column":36},"end":{"line":5,"column":56}}],"line":5},"1":{"loc":{"start":{"line":5,"column":36},"end":{"line":5,"column":56}},"type":"cond-expr","locations":[{"start":{"line":5,"column":44},"end":{"line":5,"column":51}},{"start":{"line":5,"column":54},"end":{"line":5,"column":56}}],"line":5},"2":{"loc":{"start":{"line":20,"column":4},"end":{"line":24,"column":5}},"type":"if","locations":[{"start":{"line":20,"column":4},"end":{"line":24,"column":5}},{"start":{},"end":{}}],"line":20},"3":{"loc":{"start":{"line":38,"column":4},"end":{"line":47,"column":5}},"type":"if","locations":[{"start":{"line":38,"column":4},"end":{"line":47,"column":5}},{"start":{},"end":{}}],"line":38},"4":{"loc":{"start":{"line":38,"column":8},"end":{"line":38,"column":44}},"type":"binary-expr","locations":[{"start":{"line":38,"column":8},"end":{"line":38,"column":14}},{"start":{"line":38,"column":18},"end":{"line":38,"column":44}}],"line":38},"5":{"loc":{"start":{"line":40,"column":6},"end":{"line":46,"column":7}},"type":"if","locations":[{"start":{"line":40,"column":6},"end":{"line":46,"column":7}},{"start":{},"end":{}}],"line":40},"6":{"loc":{"start":{"line":40,"column":10},"end":{"line":40,"column":60}},"type":"binary-expr","locations":[{"start":{"line":40,"column":10},"end":{"line":40,"column":17}},{"start":{"line":40,"column":21},"end":{"line":40,"column":60}}],"line":40},"7":{"loc":{"start":{"line":50,"column":4},"end":{"line":59,"column":5}},"type":"if","locations":[{"start":{"line":50,"column":4},"end":{"line":59,"column":5}},{"start":{},"end":{}}],"line":50},"8":{"loc":{"start":{"line":50,"column":8},"end":{"line":50,"column":71}},"type":"binary-expr","locations":[{"start":{"line":50,"column":8},"end":{"line":50,"column":23}},{"start":{"line":50,"column":27},"end":{"line":50,"column":71}}],"line":50},"9":{"loc":{"start":{"line":52,"column":6},"end":{"line":58,"column":7}},"type":"if","locations":[{"start":{"line":52,"column":6},"end":{"line":58,"column":7}},{"start":{},"end":{}}],"line":52},"10":{"loc":{"start":{"line":52,"column":10},"end":{"line":52,"column":56}},"type":"binary-expr","locations":[{"start":{"line":52,"column":10},"end":{"line":52,"column":15}},{"start":{"line":52,"column":19},"end":{"line":52,"column":56}}],"line":52},"11":{"loc":{"start":{"line":62,"column":4},"end":{"line":62,"column":61}},"type":"if","locations":[{"start":{"line":62,"column":4},"end":{"line":62,"column":61}},{"start":{},"end":{}}],"line":62},"12":{"loc":{"start":{"line":63,"column":4},"end":{"line":63,"column":67}},"type":"if","locations":[{"start":{"line":63,"column":4},"end":{"line":63,"column":67}},{"start":{},"end":{}}],"line":63},"13":{"loc":{"start":{"line":64,"column":4},"end":{"line":64,"column":71}},"type":"if","locations":[{"start":{"line":64,"column":4},"end":{"line":64,"column":71}},{"start":{},"end":{}}],"line":64},"14":{"loc":{"start":{"line":65,"column":4},"end":{"line":65,"column":40}},"type":"if","locations":[{"start":{"line":65,"column":4},"end":{"line":65,"column":40}},{"start":{},"end":{}}],"line":65},"15":{"loc":{"start":{"line":67,"column":4},"end":{"line":91,"column":5}},"type":"if","locations":[{"start":{"line":67,"column":4},"end":{"line":91,"column":5}},{"start":{},"end":{}}],"line":67},"16":{"loc":{"start":{"line":69,"column":6},"end":{"line":73,"column":7}},"type":"if","locations":[{"start":{"line":69,"column":6},"end":{"line":73,"column":7}},{"start":{},"end":{}}],"line":69},"17":{"loc":{"start":{"line":69,"column":10},"end":{"line":69,"column":31}},"type":"binary-expr","locations":[{"start":{"line":69,"column":10},"end":{"line":69,"column":15}},{"start":{"line":69,"column":19},"end":{"line":69,"column":31}}],"line":69},"18":{"loc":{"start":{"line":78,"column":6},"end":{"line":88,"column":7}},"type":"if","locations":[{"start":{"line":78,"column":6},"end":{"line":88,"column":7}},{"start":{},"end":{}}],"line":78},"19":{"loc":{"start":{"line":81,"column":8},"end":{"line":87,"column":9}},"type":"if","locations":[{"start":{"line":81,"column":8},"end":{"line":87,"column":9}},{"start":{},"end":{}}],"line":81},"20":{"loc":{"start":{"line":93,"column":4},"end":{"line":101,"column":5}},"type":"if","locations":[{"start":{"line":93,"column":4},"end":{"line":101,"column":5}},{"start":{},"end":{}}],"line":93},"21":{"loc":{"start":{"line":95,"column":6},"end":{"line":99,"column":7}},"type":"if","locations":[{"start":{"line":95,"column":6},"end":{"line":99,"column":7}},{"start":{},"end":{}}],"line":95},"22":{"loc":{"start":{"line":95,"column":10},"end":{"line":95,"column":31}},"type":"binary-expr","locations":[{"start":{"line":95,"column":10},"end":{"line":95,"column":15}},{"start":{"line":95,"column":19},"end":{"line":95,"column":31}}],"line":95},"23":{"loc":{"start":{"line":110,"column":4},"end":{"line":115,"column":5}},"type":"if","locations":[{"start":{"line":110,"column":4},"end":{"line":115,"column":5}},{"start":{},"end":{}}],"line":110},"24":{"loc":{"start":{"line":110,"column":8},"end":{"line":110,"column":29}},"type":"binary-expr","locations":[{"start":{"line":110,"column":8},"end":{"line":110,"column":16}},{"start":{"line":110,"column":20},"end":{"line":110,"column":29}}],"line":110},"25":{"loc":{"start":{"line":111,"column":41},"end":{"line":111,"column":56}},"type":"binary-expr","locations":[{"start":{"line":111,"column":41},"end":{"line":111,"column":46}},{"start":{"line":111,"column":50},"end":{"line":111,"column":56}}],"line":111},"26":{"loc":{"start":{"line":118,"column":4},"end":{"line":120,"column":5}},"type":"if","locations":[{"start":{"line":118,"column":4},"end":{"line":120,"column":5}},{"start":{},"end":{}}],"line":118},"27":{"loc":{"start":{"line":119,"column":13},"end":{"line":119,"column":63}},"type":"cond-expr","locations":[{"start":{"line":119,"column":33},"end":{"line":119,"column":52}},{"start":{"line":119,"column":55},"end":{"line":119,"column":63}}],"line":119},"28":{"loc":{"start":{"line":123,"column":4},"end":{"line":127,"column":5}},"type":"if","locations":[{"start":{"line":123,"column":4},"end":{"line":127,"column":5}},{"start":{},"end":{}}],"line":123},"29":{"loc":{"start":{"line":128,"column":40},"end":{"line":130,"column":15}},"type":"cond-expr","locations":[{"start":{"line":129,"column":8},"end":{"line":129,"column":26}},{"start":{"line":130,"column":8},"end":{"line":130,"column":15}}],"line":128}},"s":{"0":1,"1":1,"2":2,"3":10,"4":10,"5":10,"6":10,"7":10,"8":1,"9":1,"10":1,"11":9,"12":9,"13":2,"14":2,"15":1,"16":1,"17":1,"18":8,"19":1,"20":1,"21":1,"22":1,"23":1,"24":7,"25":7,"26":0,"27":7,"28":0,"29":7,"30":2,"31":7,"32":1,"33":7,"34":2,"35":2,"36":1,"37":1,"38":1,"39":1,"40":1,"41":1,"42":1,"43":1,"44":1,"45":0,"46":5,"47":1,"48":1,"49":1,"50":1,"51":1,"52":0,"53":4,"54":4,"55":4,"56":1,"57":1,"58":4,"59":1,"60":3,"61":3,"62":1,"63":1,"64":1,"65":2,"66":2,"67":1},"f":{"0":1,"1":2,"2":10,"3":10},"b":{"0":[1,0],"1":[0,0],"2":[1,9],"3":[2,7],"4":[9,2],"5":[1,1],"6":[2,2],"7":[1,7],"8":[8,1],"9":[1,0],"10":[1,1],"11":[0,7],"12":[0,7],"13":[2,5],"14":[1,6],"15":[2,5],"16":[1,1],"17":[2,2],"18":[1,0],"19":[1,0],"20":[1,4],"21":[1,0],"22":[1,1],"23":[1,3],"24":[4,3],"25":[1,0],"26":[1,3],"27":[1,0],"28":[1,2],"29":[2,0]},"_coverageSchema":"1a1c01bbd47fc00a2c39e90264f33305004495a9","hash":"ff01f775c5cf5845b0c61b3ef07189ca744079eb"}
,"C:\\Users\\Admin\\OneDrive\\Escritorio\\Api\\Api_Unistock\\src\\interfaces\\middlewares\\authMiddleware.js": {"path":"C:\\Users\\Admin\\OneDrive\\Escritorio\\Api\\Api_Unistock\\src\\interfaces\\middlewares\\authMiddleware.js","statementMap":{"0":{"start":{"line":1,"column":19},"end":{"line":1,"column":75}},"1":{"start":{"line":6,"column":4},"end":{"line":6,"column":42}},"2":{"start":{"line":7,"column":23},"end":{"line":7,"column":82}},"3":{"start":{"line":8,"column":18},"end":{"line":8,"column":62}},"4":{"start":{"line":10,"column":17},"end":{"line":10,"column":37}},"5":{"start":{"line":12,"column":22},"end":{"line":13,"column":61}},"6":{"start":{"line":13,"column":2},"end":{"line":13,"column":61}},"7":{"start":{"line":27,"column":20},"end":{"line":71,"column":1}},"8":{"start":{"line":28,"column":17},"end":{"line":28,"column":42}},"9":{"start":{"line":31,"column":2},"end":{"line":33,"column":3}},"10":{"start":{"line":32,"column":4},"end":{"line":32,"column":55}},"11":{"start":{"line":36,"column":2},"end":{"line":45,"column":3}},"12":{"start":{"line":37,"column":4},"end":{"line":37,"column":42}},"13":{"start":{"line":40,"column":6},"end":{"line":42,"column":26}},"14":{"start":{"line":44,"column":4},"end":{"line":44,"column":34}},"15":{"start":{"line":47,"column":2},"end":{"line":70,"column":3}},"16":{"start":{"line":48,"column":21},"end":{"line":48,"column":55}},"17":{"start":{"line":50,"column":4},"end":{"line":55,"column":5}},"18":{"start":{"line":51,"column":6},"end":{"line":54,"column":8}},"19":{"start":{"line":59,"column":4},"end":{"line":65,"column":6}},"20":{"start":{"line":66,"column":4},"end":{"line":66,"column":11}},"21":{"start":{"line":68,"column":4},"end":{"line":68,"column":70}},"22":{"start":{"line":69,"column":4},"end":{"line":69,"column":60}},"23":{"start":{"line":74,"column":2},"end":{"line":88,"column":3}},"24":{"start":{"line":75,"column":2},"end":{"line":88,"column":3}},"25":{"start":{"line":76,"column":4},"end":{"line":78,"column":5}},"26":{"start":{"line":77,"column":6},"end":{"line":77,"column":31}},"27":{"start":{"line":80,"column":22},"end":{"line":80,"column":55}},"28":{"start":{"line":81,"column":23},"end":{"line":81,"column":47}},"29":{"start":{"line":83,"column":4},"end":{"line":85,"column":5}},"30":{"start":{"line":84,"column":6},"end":{"line":84,"column":67}},"31":{"start":{"line":87,"column":4},"end":{"line":87,"column":11}},"32":{"start":{"line":98,"column":26},"end":{"line":137,"column":1}},"33":{"start":{"line":98,"column":50},"end":{"line":137,"column":1}},"34":{"start":{"line":99,"column":2},"end":{"line":101,"column":3}},"35":{"start":{"line":100,"column":4},"end":{"line":100,"column":29}},"36":{"start":{"line":103,"column":2},"end":{"line":136,"column":3}},"37":{"start":{"line":104,"column":17},"end":{"line":104,"column":64}},"38":{"start":{"line":106,"column":4},"end":{"line":108,"column":5}},"39":{"start":{"line":107,"column":6},"end":{"line":107,"column":70}},"40":{"start":{"line":110,"column":26},"end":{"line":112,"column":5}},"41":{"start":{"line":111,"column":13},"end":{"line":111,"column":62}},"42":{"start":{"line":114,"column":4},"end":{"line":119,"column":5}},"43":{"start":{"line":115,"column":6},"end":{"line":118,"column":8}},"44":{"start":{"line":121,"column":28},"end":{"line":123,"column":5}},"45":{"start":{"line":122,"column":16},"end":{"line":122,"column":65}},"46":{"start":{"line":125,"column":4},"end":{"line":130,"column":5}},"47":{"start":{"line":126,"column":6},"end":{"line":129,"column":8}},"48":{"start":{"line":132,"column":4},"end":{"line":132,"column":11}},"49":{"start":{"line":134,"column":4},"end":{"line":134,"column":51}},"50":{"start":{"line":135,"column":4},"end":{"line":135,"column":63}},"51":{"start":{"line":139,"column":0},"end":{"line":139,"column":65}}},"fnMap":{"0":{"name":"(anonymous_0)","decl":{"start":{"line":12,"column":22},"end":{"line":12,"column":23}},"loc":{"start":{"line":13,"column":2},"end":{"line":13,"column":61}},"line":13},"1":{"name":"(anonymous_1)","decl":{"start":{"line":27,"column":20},"end":{"line":27,"column":21}},"loc":{"start":{"line":27,"column":46},"end":{"line":71,"column":1}},"line":27},"2":{"name":"(anonymous_2)","decl":{"start":{"line":74,"column":2},"end":{"line":74,"column":3}},"loc":{"start":{"line":75,"column":2},"end":{"line":88,"column":3}},"line":75},"3":{"name":"(anonymous_3)","decl":{"start":{"line":75,"column":2},"end":{"line":75,"column":3}},"loc":{"start":{"line":75,"column":22},"end":{"line":88,"column":3}},"line":75},"4":{"name":"(anonymous_4)","decl":{"start":{"line":98,"column":26},"end":{"line":98,"column":27}},"loc":{"start":{"line":98,"column":50},"end":{"line":137,"column":1}},"line":98},"5":{"name":"(anonymous_5)","decl":{"start":{"line":98,"column":50},"end":{"line":98,"column":51}},"loc":{"start":{"line":98,"column":76},"end":{"line":137,"column":1}},"line":98},"6":{"name":"(anonymous_6)","decl":{"start":{"line":111,"column":6},"end":{"line":111,"column":7}},"loc":{"start":{"line":111,"column":13},"end":{"line":111,"column":62}},"line":111},"7":{"name":"(anonymous_7)","decl":{"start":{"line":122,"column":6},"end":{"line":122,"column":7}},"loc":{"start":{"line":122,"column":16},"end":{"line":122,"column":65}},"line":122}},"branchMap":{"0":{"loc":{"start":{"line":13,"column":2},"end":{"line":13,"column":61}},"type":"cond-expr","locations":[{"start":{"line":13,"column":30},"end":{"line":13,"column":56}},{"start":{"line":13,"column":59},"end":{"line":13,"column":61}}],"line":13},"1":{"loc":{"start":{"line":31,"column":2},"end":{"line":33,"column":3}},"type":"if","locations":[{"start":{"line":31,"column":2},"end":{"line":33,"column":3}},{"start":{},"end":{}}],"line":31},"2":{"loc":{"start":{"line":31,"column":6},"end":{"line":31,"column":46}},"type":"binary-expr","locations":[{"start":{"line":31,"column":6},"end":{"line":31,"column":13}},{"start":{"line":31,"column":17},"end":{"line":31,"column":46}}],"line":31},"3":{"loc":{"start":{"line":40,"column":6},"end":{"line":42,"column":26}},"type":"cond-expr","locations":[{"start":{"line":41,"column":10},"end":{"line":41,"column":32}},{"start":{"line":42,"column":10},"end":{"line":42,"column":26}}],"line":40},"4":{"loc":{"start":{"line":50,"column":4},"end":{"line":55,"column":5}},"type":"if","locations":[{"start":{"line":50,"column":4},"end":{"line":55,"column":5}},{"start":{},"end":{}}],"line":50},"5":{"loc":{"start":{"line":50,"column":8},"end":{"line":50,"column":37}},"type":"binary-expr","locations":[{"start":{"line":50,"column":8},"end":{"line":50,"column":17}},{"start":{"line":50,"column":21},"end":{"line":50,"column":37}}],"line":50},"6":{"loc":{"start":{"line":76,"column":4},"end":{"line":78,"column":5}},"type":"if","locations":[{"start":{"line":76,"column":4},"end":{"line":78,"column":5}},{"start":{},"end":{}}],"line":76},"7":{"loc":{"start":{"line":83,"column":4},"end":{"line":85,"column":5}},"type":"if","locations":[{"start":{"line":83,"column":4},"end":{"line":85,"column":5}},{"start":{},"end":{}}],"line":83},"8":{"loc":{"start":{"line":83,"column":8},"end":{"line":83,"column":53}},"type":"binary-expr","locations":[{"start":{"line":83,"column":8},"end":{"line":83,"column":18}},{"start":{"line":83,"column":22},"end":{"line":83,"column":53}}],"line":83},"9":{"loc":{"start":{"line":99,"column":2},"end":{"line":101,"column":3}},"type":"if","locations":[{"start":{"line":99,"column":2},"end":{"line":101,"column":3}},{"start":{},"end":{}}],"line":99},"10":{"loc":{"start":{"line":106,"column":4},"end":{"line":108,"column":5}},"type":"if","locations":[{"start":{"line":106,"column":4},"end":{"line":108,"column":5}},{"start":{},"end":{}}],"line":106},"11":{"loc":{"start":{"line":106,"column":8},"end":{"line":106,"column":29}},"type":"binary-expr","locations":[{"start":{"line":106,"column":8},"end":{"line":106,"column":13}},{"start":{"line":106,"column":17},"end":{"line":106,"column":29}}],"line":106},"12":{"loc":{"start":{"line":114,"column":4},"end":{"line":119,"column":5}},"type":"if","locations":[{"start":{"line":114,"column":4},"end":{"line":119,"column":5}},{"start":{},"end":{}}],"line":114},"13":{"loc":{"start":{"line":125,"column":4},"end":{"line":130,"column":5}},"type":"if","locations":[{"start":{"line":125,"column":4},"end":{"line":130,"column":5}},{"start":{},"end":{}}],"line":125}},"s":{"0":1,"1":1,"2":1,"3":1,"4":1,"5":1,"6":15,"7":1,"8":8,"9":8,"10":2,"11":6,"12":6,"13":2,"14":2,"15":4,"16":4,"17":3,"18":2,"19":1,"20":1,"21":1,"22":1,"23":1,"24":3,"25":3,"26":1,"27":2,"28":2,"29":2,"30":1,"31":1,"32":1,"33":6,"34":6,"35":1,"36":5,"37":5,"38":4,"39":1,"40":3,"41":3,"42":3,"43":1,"44":2,"45":2,"46":2,"47":1,"48":1,"49":1,"50":1,"51":1},"f":{"0":15,"1":8,"2":3,"3":3,"4":6,"5":6,"6":3,"7":2},"b":{"0":[15,0],"1":[2,6],"2":[8,7],"3":[1,1],"4":[2,1],"5":[3,2],"6":[1,2],"7":[1,1],"8":[2,2],"9":[1,5],"10":[1,3],"11":[4,3],"12":[1,2],"13":[1,1]},"_coverageSchema":"1a1c01bbd47fc00a2c39e90264f33305004495a9","hash":"b233fc6495a26ac7a78c7a72de1480aaae557eff"}
}
