TN:
SF:src\application\use-cases\auth\ChangePassword.js
FN:8,(anonymous_0)
FN:12,(anonymous_1)
FNF:2
FNH:2
FNDA:5,(anonymous_0)
FNDA:5,(anonymous_1)
DA:3,1
DA:5,1
DA:9,5
DA:15,5
DA:16,1
DA:17,1
DA:18,1
DA:22,4
DA:23,1
DA:27,1
DA:28,1
DA:36,3
DA:38,3
DA:39,1
DA:40,1
DA:41,1
DA:45,2
DA:46,2
DA:47,1
DA:48,1
DA:49,1
DA:53,1
DA:54,1
DA:56,1
DA:60,1
LF:25
LH:25
BRDA:15,0,0,1
BRDA:15,0,1,4
BRDA:22,1,0,1
BRDA:22,1,1,3
BRDA:38,2,0,1
BRDA:38,2,1,2
BRDA:46,3,0,1
BRDA:46,3,1,1
BRF:8
BRH:8
end_of_record
TN:
SF:src\application\use-cases\auth\ForgotPassword.js
FN:6,(anonymous_0)
FN:10,(anonymous_1)
FNF:2
FNH:2
FNDA:3,(anonymous_0)
FNDA:3,(anonymous_1)
DA:1,1
DA:2,1
DA:3,1
DA:7,3
DA:11,3
DA:13,3
DA:14,1
DA:15,1
DA:16,1
DA:19,2
DA:20,1
DA:21,1
DA:22,1
DA:26,1
DA:29,1
DA:32,1
DA:39,1
DA:42,1
DA:44,1
DA:48,1
LF:20
LH:20
BRDA:13,0,0,1
BRDA:13,0,1,2
BRDA:19,1,0,1
BRDA:19,1,1,1
BRF:4
BRH:4
end_of_record
TN:
SF:src\application\use-cases\auth\LoginUser.js
FN:14,(anonymous_0)
FN:24,(anonymous_1)
FN:31,(anonymous_2)
FN:39,(anonymous_3)
FN:49,(anonymous_4)
FNF:5
FNH:4
FNDA:7,(anonymous_0)
FNDA:1,(anonymous_1)
FNDA:1,(anonymous_2)
FNDA:0,(anonymous_3)
FNDA:7,(anonymous_4)
DA:3,1
DA:4,1
DA:5,1
DA:7,1
DA:15,7
DA:16,7
DA:17,7
DA:25,1
DA:26,1
DA:27,1
DA:29,1
DA:30,1
DA:32,1
DA:40,0
DA:45,0
DA:56,7
DA:59,7
DA:60,1
DA:61,1
DA:62,1
DA:72,6
DA:73,1
DA:74,1
DA:75,1
DA:79,5
DA:80,5
DA:83,2
DA:85,2
DA:86,1
DA:90,1
DA:92,1
DA:95,1
DA:96,1
DA:99,1
DA:100,1
DA:101,1
DA:108,3
DA:112,3
DA:114,3
DA:115,2
DA:116,2
DA:117,2
DA:121,1
DA:123,0
DA:124,0
DA:125,0
DA:126,0
DA:130,0
DA:143,0
DA:147,1
LF:50
LH:42
BRDA:27,0,0,0
BRDA:27,0,1,1
BRDA:59,1,0,1
BRDA:59,1,1,6
BRDA:72,2,0,1
BRDA:72,2,1,5
BRDA:80,3,0,2
BRDA:80,3,1,3
BRDA:85,4,0,1
BRDA:85,4,1,1
BRDA:114,5,0,2
BRDA:114,5,1,1
BRDA:114,6,0,3
BRDA:114,6,1,2
BRDA:114,6,2,2
BRDA:123,7,0,0
BRDA:123,7,1,0
BRDA:123,8,0,0
BRDA:123,8,1,0
BRF:19
BRH:14
end_of_record
TN:
SF:src\application\use-cases\auth\ResetPassword.js
FN:8,(anonymous_0)
FN:12,(anonymous_1)
FNF:2
FNH:2
FNDA:5,(anonymous_0)
FNDA:5,(anonymous_1)
DA:1,1
DA:2,1
DA:3,1
DA:5,1
DA:9,5
DA:14,5
DA:15,1
DA:16,1
DA:17,1
DA:21,4
DA:22,1
DA:23,1
DA:24,1
DA:28,3
DA:30,3
DA:31,1
DA:32,1
DA:33,1
DA:37,2
DA:38,1
DA:39,1
DA:40,1
DA:41,1
DA:45,1
DA:46,1
DA:47,1
DA:50,1
DA:53,1
DA:58,1
DA:62,1
LF:30
LH:30
BRDA:14,0,0,1
BRDA:14,0,1,4
BRDA:21,1,0,1
BRDA:21,1,1,3
BRDA:30,2,0,1
BRDA:30,2,1,2
BRDA:37,3,0,1
BRDA:37,3,1,1
BRF:8
BRH:8
end_of_record
TN:
SF:src\application\use-cases\auth\VerifyCode.js
FN:7,(anonymous_0)
FN:9,(anonymous_1)
FNF:2
FNH:2
FNDA:5,(anonymous_0)
FNDA:5,(anonymous_1)
DA:1,1
DA:2,1
DA:4,1
DA:10,5
DA:15,5
DA:16,1
DA:17,1
DA:18,1
DA:22,4
DA:23,1
DA:24,1
DA:25,1
DA:26,1
DA:30,3
DA:31,1
DA:32,1
DA:33,1
DA:34,1
DA:38,2
DA:39,1
DA:43,1
DA:44,1
DA:45,1
DA:46,1
DA:50,1
DA:52,1
DA:57,1
DA:61,1
LF:28
LH:28
BRDA:15,0,0,1
BRDA:15,0,1,4
BRDA:22,1,0,1
BRDA:22,1,1,3
BRDA:30,2,0,1
BRDA:30,2,1,2
BRDA:38,3,0,1
BRDA:38,3,1,1
BRF:8
BRH:8
end_of_record
TN:
SF:src\application\use-cases\production\AnularProduction.js
FN:5,(anonymous_0)
FN:9,(anonymous_1)
FNF:2
FNH:0
FNDA:0,(anonymous_0)
FNDA:0,(anonymous_1)
DA:2,0
DA:6,0
DA:10,0
DA:12,0
DA:13,0
DA:14,0
DA:15,0
DA:18,0
DA:19,0
DA:20,0
DA:21,0
DA:24,0
DA:25,0
DA:26,0
DA:27,0
DA:30,0
DA:31,0
DA:35,0
LF:18
LH:0
BRDA:12,0,0,0
BRDA:12,0,1,0
BRDA:18,1,0,0
BRDA:18,1,1,0
BRDA:24,2,0,0
BRDA:24,2,1,0
BRDA:24,3,0,0
BRDA:24,3,1,0
BRF:8
BRH:0
end_of_record
TN:
SF:src\application\use-cases\production\AsignarEmpleadoProduccion.js
FN:12,(anonymous_0)
FN:17,(anonymous_1)
FN:43,(anonymous_2)
FN:82,(anonymous_3)
FNF:4
FNH:0
FNDA:0,(anonymous_0)
FNDA:0,(anonymous_1)
FNDA:0,(anonymous_2)
FNDA:0,(anonymous_3)
DA:2,0
DA:13,0
DA:14,0
DA:18,0
DA:19,0
DA:20,0
DA:21,0
DA:22,0
DA:24,0
DA:25,0
DA:26,0
DA:27,0
DA:30,0
DA:31,0
DA:32,0
DA:33,0
DA:34,0
DA:36,0
DA:37,0
DA:38,0
DA:39,0
DA:43,0
DA:45,0
DA:46,0
DA:47,0
DA:48,0
DA:51,0
DA:54,0
DA:55,0
DA:56,0
DA:59,0
DA:60,0
DA:65,0
DA:66,0
DA:67,0
DA:68,0
DA:71,0
DA:75,0
DA:77,0
DA:83,0
DA:87,0
DA:91,0
LF:42
LH:0
BRDA:19,0,0,0
BRDA:19,0,1,0
BRDA:24,1,0,0
BRDA:24,1,1,0
BRDA:31,2,0,0
BRDA:31,2,1,0
BRDA:36,3,0,0
BRDA:36,3,1,0
BRDA:43,4,0,0
BRDA:43,4,1,0
BRDA:45,5,0,0
BRDA:45,5,1,0
BRDA:51,6,0,0
BRDA:51,6,1,0
BRDA:55,7,0,0
BRDA:55,7,1,0
BRDA:65,8,0,0
BRDA:65,8,1,0
BRDA:65,9,0,0
BRDA:65,9,1,0
BRDA:75,10,0,0
BRDA:75,10,1,0
BRF:22
BRH:0
end_of_record
TN:
SF:src\application\use-cases\production\CambiarEstadoProduction.js
FN:6,(anonymous_0)
FN:17,(anonymous_1)
FN:118,(anonymous_2)
FN:126,(anonymous_3)
FN:132,(anonymous_4)
FNF:5
FNH:0
FNDA:0,(anonymous_0)
FNDA:0,(anonymous_1)
FNDA:0,(anonymous_2)
FNDA:0,(anonymous_3)
FNDA:0,(anonymous_4)
DA:2,0
DA:3,0
DA:7,0
DA:8,0
DA:18,0
DA:19,0
DA:22,0
DA:23,0
DA:27,0
DA:28,0
DA:31,0
DA:32,0
DA:35,0
DA:37,0
DA:38,0
DA:39,0
DA:40,0
DA:43,0
DA:44,0
DA:45,0
DA:46,0
DA:49,0
DA:50,0
DA:51,0
DA:52,0
DA:53,0
DA:54,0
DA:55,0
DA:56,0
DA:64,0
DA:65,0
DA:66,0
DA:70,0
DA:71,0
DA:72,0
DA:73,0
DA:76,0
DA:77,0
DA:81,0
DA:86,0
DA:87,0
DA:88,0
DA:91,0
DA:92,0
DA:98,0
DA:99,0
DA:101,0
DA:117,0
DA:118,0
DA:119,0
DA:123,0
DA:127,0
DA:128,0
DA:130,0
DA:131,0
DA:132,0
DA:134,0
DA:136,0
DA:146,0
LF:59
LH:0
BRDA:17,0,0,0
BRDA:18,1,0,0
BRDA:18,1,1,0
BRDA:27,2,0,0
BRDA:27,2,1,0
BRDA:37,3,0,0
BRDA:37,3,1,0
BRDA:43,4,0,0
BRDA:43,4,1,0
BRDA:50,5,0,0
BRDA:50,5,1,0
BRDA:53,6,0,0
BRDA:53,6,1,0
BRDA:64,7,0,0
BRDA:64,7,1,0
BRDA:65,8,0,0
BRDA:65,8,1,0
BRDA:65,9,0,0
BRDA:65,9,1,0
BRDA:66,10,0,0
BRDA:66,10,1,0
BRDA:72,11,0,0
BRDA:72,11,1,0
BRDA:72,12,0,0
BRDA:72,12,1,0
BRDA:86,13,0,0
BRDA:86,13,1,0
BRDA:86,14,0,0
BRDA:86,14,1,0
BRDA:87,15,0,0
BRDA:87,15,1,0
BRDA:87,16,0,0
BRDA:87,16,1,0
BRDA:110,17,0,0
BRDA:110,17,1,0
BRDA:117,18,0,0
BRDA:117,18,1,0
BRDA:117,19,0,0
BRDA:117,19,1,0
BRDA:128,20,0,0
BRDA:128,20,1,0
BRDA:128,21,0,0
BRDA:128,21,1,0
BRDA:132,22,0,0
BRDA:132,22,1,0
BRDA:134,23,0,0
BRDA:134,23,1,0
BRDA:134,24,0,0
BRDA:134,24,1,0
BRF:49
BRH:0
end_of_record
TN:
SF:src\application\use-cases\production\ConfirmarEtapaProduccion.js
FN:22,(anonymous_0)
FN:27,(anonymous_1)
FN:116,(anonymous_2)
FN:123,(anonymous_3)
FNF:4
FNH:0
FNDA:0,(anonymous_0)
FNDA:0,(anonymous_1)
FNDA:0,(anonymous_2)
FNDA:0,(anonymous_3)
DA:16,0
DA:17,0
DA:19,0
DA:23,0
DA:24,0
DA:29,0
DA:30,0
DA:31,0
DA:32,0
DA:36,0
DA:37,0
DA:38,0
DA:39,0
DA:40,0
DA:44,0
DA:45,0
DA:46,0
DA:47,0
DA:51,0
DA:52,0
DA:56,0
DA:57,0
DA:61,0
DA:62,0
DA:65,0
DA:66,0
DA:70,0
DA:71,0
DA:74,0
DA:75,0
DA:79,0
DA:80,0
DA:81,0
DA:82,0
DA:85,0
DA:88,0
DA:96,0
DA:100,0
DA:101,0
DA:110,0
DA:111,0
DA:112,0
DA:113,0
DA:116,0
DA:117,0
DA:120,0
DA:124,0
DA:126,0
DA:127,0
DA:128,0
DA:129,0
DA:130,0
DA:133,0
DA:136,0
DA:138,0
DA:139,0
DA:141,0
DA:142,0
DA:144,0
DA:145,0
DA:146,0
DA:150,0
DA:151,0
DA:153,0
DA:154,0
DA:157,0
DA:159,0
DA:160,0
DA:161,0
DA:162,0
DA:170,0
DA:176,0
LF:72
LH:0
BRDA:27,0,0,0
BRDA:29,1,0,0
BRDA:29,1,1,0
BRDA:37,2,0,0
BRDA:37,2,1,0
BRDA:44,3,0,0
BRDA:44,3,1,0
BRDA:51,4,0,0
BRDA:51,4,1,0
BRDA:61,5,0,0
BRDA:61,5,1,0
BRDA:70,6,0,0
BRDA:70,6,1,0
BRDA:79,7,0,0
BRDA:79,7,1,0
BRDA:85,8,0,0
BRDA:85,8,1,0
BRDA:100,9,0,0
BRDA:100,9,1,0
BRDA:110,10,0,0
BRDA:110,10,1,0
BRDA:124,11,0,0
BRDA:124,11,1,0
BRDA:129,12,0,0
BRDA:129,12,1,0
BRDA:130,13,0,0
BRDA:130,13,1,0
BRDA:130,13,2,0
BRDA:130,13,3,0
BRDA:144,14,0,0
BRDA:144,14,1,0
BRDA:157,15,0,0
BRDA:157,15,1,0
BRDA:157,16,0,0
BRDA:157,16,1,0
BRDA:160,17,0,0
BRDA:160,17,1,0
BRDA:163,18,0,0
BRDA:163,18,1,0
BRDA:163,18,2,0
BRF:40
BRH:0
end_of_record
TN:
SF:src\application\use-cases\production\CreateOrderDetail.js
FN:10,(anonymous_0)
FN:15,(anonymous_1)
FNF:2
FNH:0
FNDA:0,(anonymous_0)
FNDA:0,(anonymous_1)
DA:11,0
DA:12,0
DA:16,0
DA:19,0
DA:20,0
DA:21,0
DA:22,0
DA:25,0
DA:26,0
DA:27,0
DA:28,0
DA:29,0
DA:33,0
DA:34,0
DA:35,0
DA:36,0
DA:37,0
DA:40,0
DA:41,0
DA:42,0
DA:43,0
DA:46,0
DA:54,0
DA:58,0
LF:24
LH:0
BRDA:19,0,0,0
BRDA:19,0,1,0
BRDA:19,1,0,0
BRDA:19,1,1,0
BRDA:19,1,2,0
BRDA:26,2,0,0
BRDA:26,2,1,0
BRDA:26,3,0,0
BRDA:26,3,1,0
BRDA:34,4,0,0
BRDA:34,4,1,0
BRDA:40,5,0,0
BRDA:40,5,1,0
BRDA:50,6,0,0
BRDA:50,6,1,0
BRF:15
BRH:0
end_of_record
TN:
SF:src\application\use-cases\production\CreateProduction.js
FN:3,(anonymous_0)
FN:7,(anonymous_1)
FNF:2
FNH:0
FNDA:0,(anonymous_0)
FNDA:0,(anonymous_1)
DA:4,0
DA:8,0
DA:10,0
DA:11,0
DA:12,0
DA:13,0
DA:16,0
DA:24,0
LF:8
LH:0
BRDA:10,0,0,0
BRDA:10,0,1,0
BRDA:10,1,0,0
BRDA:10,1,1,0
BRDA:10,1,2,0
BRF:5
BRH:0
end_of_record
TN:
SF:src\application\use-cases\production\GetAlertasProduction.js
FN:4,(anonymous_0)
FN:18,(anonymous_1)
FNF:2
FNH:0
FNDA:0,(anonymous_0)
FNDA:0,(anonymous_1)
DA:5,0
DA:19,0
DA:20,0
DA:24,0
LF:4
LH:0
BRF:0
BRH:0
end_of_record
TN:
SF:src\application\use-cases\production\GetCalendarioProduction.js
FN:4,(anonymous_0)
FN:17,(anonymous_1)
FN:30,(anonymous_2)
FNF:3
FNH:0
FNDA:0,(anonymous_0)
FNDA:0,(anonymous_1)
FNDA:0,(anonymous_2)
DA:5,0
DA:18,0
DA:20,0
DA:28,0
DA:30,0
DA:31,0
DA:34,0
DA:49,0
DA:62,0
DA:66,0
LF:10
LH:0
BRDA:31,0,0,0
BRDA:31,0,1,0
BRDA:37,1,0,0
BRDA:37,1,1,0
BRF:4
BRH:0
end_of_record
TN:
SF:src\application\use-cases\production\GetEmployeeWorkload.js
FN:11,(anonymous_0)
FN:16,(anonymous_1)
FN:17,(anonymous_2)
FN:21,(anonymous_3)
FN:25,(anonymous_4)
FN:30,(anonymous_5)
FN:37,(anonymous_6)
FNF:7
FNH:0
FNDA:0,(anonymous_0)
FNDA:0,(anonymous_1)
FNDA:0,(anonymous_2)
FNDA:0,(anonymous_3)
FNDA:0,(anonymous_4)
FNDA:0,(anonymous_5)
FNDA:0,(anonymous_6)
DA:12,0
DA:13,0
DA:17,0
DA:18,0
DA:20,0
DA:21,0
DA:22,0
DA:23,0
DA:24,0
DA:25,0
DA:28,0
DA:29,0
DA:30,0
DA:31,0
DA:32,0
DA:33,0
DA:34,0
DA:37,0
DA:45,0
LF:19
LH:0
BRDA:17,0,0,0
BRDA:17,0,1,0
BRDA:21,1,0,0
BRDA:21,1,1,0
BRDA:22,2,0,0
BRDA:22,2,1,0
BRDA:23,3,0,0
BRDA:23,3,1,0
BRDA:24,4,0,0
BRDA:24,4,1,0
BRDA:25,5,0,0
BRDA:25,5,1,0
BRDA:30,6,0,0
BRDA:30,6,1,0
BRDA:32,7,0,0
BRDA:32,7,1,0
BRDA:32,8,0,0
BRDA:32,8,1,0
BRDA:32,8,2,0
BRDA:34,9,0,0
BRDA:34,9,1,0
BRDA:40,10,0,0
BRDA:40,10,1,0
BRF:23
BRH:0
end_of_record
TN:
SF:src\application\use-cases\production\GetOrderDetails.js
FN:9,(anonymous_0)
FN:17,(anonymous_1)
FN:19,(anonymous_2)
FNF:3
FNH:0
FNDA:0,(anonymous_0)
FNDA:0,(anonymous_1)
FNDA:0,(anonymous_2)
DA:10,0
DA:18,0
DA:19,0
DA:23,0
LF:4
LH:0
BRDA:17,0,0,0
BRF:1
BRH:0
end_of_record
TN:
SF:src\application\use-cases\production\GetProduction.js
FN:5,(anonymous_0)
FN:9,(anonymous_1)
FN:11,(anonymous_2)
FNF:3
FNH:0
FNDA:0,(anonymous_0)
FNDA:0,(anonymous_1)
FNDA:0,(anonymous_2)
DA:6,0
DA:10,0
DA:11,0
LF:3
LH:0
BRDA:9,0,0,0
BRF:1
BRH:0
end_of_record
TN:
SF:src\application\use-cases\production\GetProductionById.js
FN:4,(anonymous_0)
FN:8,(anonymous_1)
FNF:2
FNH:0
FNDA:0,(anonymous_0)
FNDA:0,(anonymous_1)
DA:5,0
DA:9,0
DA:11,0
DA:12,0
DA:13,0
DA:14,0
DA:17,0
LF:7
LH:0
BRDA:11,0,0,0
BRDA:11,0,1,0
BRF:2
BRH:0
end_of_record
TN:
SF:src\application\use-cases\production\GetProductions.js
FN:4,(anonymous_0)
FN:12,(anonymous_1)
FN:16,(anonymous_2)
FNF:3
FNH:0
FNDA:0,(anonymous_0)
FNDA:0,(anonymous_1)
FNDA:0,(anonymous_2)
DA:5,0
DA:13,0
DA:14,0
DA:15,0
DA:16,0
DA:25,0
LF:6
LH:0
BRDA:12,0,0,0
BRDA:14,1,0,0
BRDA:14,1,1,0
BRDA:17,2,0,0
BRDA:17,2,1,0
BRDA:18,3,0,0
BRDA:18,3,1,0
BRDA:19,4,0,0
BRDA:19,4,1,0
BRDA:20,5,0,0
BRDA:20,5,1,0
BRF:11
BRH:0
end_of_record
TN:
SF:src\application\use-cases\production\ReasignarEmpleadoProduccion.js
FN:4,(anonymous_0)
FN:9,(anonymous_1)
FN:42,(anonymous_2)
FN:79,(anonymous_3)
FN:101,(anonymous_4)
FN:112,(anonymous_5)
FNF:6
FNH:0
FNDA:0,(anonymous_0)
FNDA:0,(anonymous_1)
FNDA:0,(anonymous_2)
FNDA:0,(anonymous_3)
FNDA:0,(anonymous_4)
FNDA:0,(anonymous_5)
DA:1,0
DA:5,0
DA:6,0
DA:10,0
DA:11,0
DA:12,0
DA:13,0
DA:14,0
DA:16,0
DA:17,0
DA:18,0
DA:19,0
DA:22,0
DA:23,0
DA:24,0
DA:25,0
DA:28,0
DA:30,0
DA:31,0
DA:32,0
DA:33,0
DA:34,0
DA:36,0
DA:37,0
DA:38,0
DA:39,0
DA:42,0
DA:44,0
DA:45,0
DA:46,0
DA:47,0
DA:50,0
DA:53,0
DA:54,0
DA:55,0
DA:58,0
DA:59,0
DA:62,0
DA:63,0
DA:64,0
DA:65,0
DA:68,0
DA:69,0
DA:70,0
DA:71,0
DA:74,0
DA:78,0
DA:79,0
DA:82,0
DA:83,0
DA:84,0
DA:85,0
DA:87,0
DA:95,0
DA:96,0
DA:102,0
DA:106,0
DA:107,0
DA:113,0
DA:117,0
DA:118,0
DA:119,0
DA:120,0
DA:121,0
DA:123,0
DA:127,0
LF:66
LH:0
BRDA:9,0,0,0
BRDA:9,1,0,0
BRDA:11,2,0,0
BRDA:11,2,1,0
BRDA:16,3,0,0
BRDA:16,3,1,0
BRDA:22,4,0,0
BRDA:22,4,1,0
BRDA:22,5,0,0
BRDA:22,5,1,0
BRDA:31,6,0,0
BRDA:31,6,1,0
BRDA:36,7,0,0
BRDA:36,7,1,0
BRDA:42,8,0,0
BRDA:42,8,1,0
BRDA:44,9,0,0
BRDA:44,9,1,0
BRDA:50,10,0,0
BRDA:50,10,1,0
BRDA:54,11,0,0
BRDA:54,11,1,0
BRDA:62,12,0,0
BRDA:62,12,1,0
BRDA:62,13,0,0
BRDA:62,13,1,0
BRDA:68,14,0,0
BRDA:68,14,1,0
BRDA:68,15,0,0
BRDA:68,15,1,0
BRDA:78,16,0,0
BRDA:78,16,1,0
BRDA:82,17,0,0
BRDA:82,17,1,0
BRDA:85,18,0,0
BRDA:85,18,1,0
BRDA:95,19,0,0
BRDA:95,19,1,0
BRDA:106,20,0,0
BRDA:106,20,1,0
BRF:40
BRH:0
end_of_record
TN:
SF:src\application\use-cases\roles\CreateRole.js
FN:8,(anonymous_0)
FN:14,(anonymous_1)
FNF:2
FNH:2
FNDA:10,(anonymous_0)
FNDA:10,(anonymous_1)
DA:3,1
DA:5,1
DA:9,10
DA:10,10
DA:11,10
DA:20,10
DA:23,10
DA:24,10
DA:25,3
DA:26,3
DA:27,3
DA:29,7
DA:30,1
DA:31,1
DA:32,1
DA:36,6
DA:37,6
DA:38,1
DA:39,1
DA:40,1
DA:43,5
DA:49,4
DA:54,4
DA:56,4
DA:60,1
LF:25
LH:25
BRDA:18,0,0,1
BRDA:19,1,0,9
BRDA:23,2,0,8
BRDA:23,2,1,2
BRDA:24,3,0,3
BRDA:24,3,1,7
BRDA:29,4,0,1
BRDA:29,4,1,6
BRDA:37,5,0,1
BRDA:37,5,1,5
BRDA:54,6,0,3
BRDA:54,6,1,1
BRF:12
BRH:12
end_of_record
TN:
SF:src\application\use-cases\roles\DeleteRole.js
FN:4,(anonymous_0)
FN:9,(anonymous_1)
FNF:2
FNH:2
FNDA:3,(anonymous_0)
FNDA:3,(anonymous_1)
DA:5,3
DA:6,3
DA:10,3
DA:11,3
DA:12,1
DA:13,1
DA:14,1
DA:18,2
DA:19,2
DA:20,1
DA:21,1
DA:22,1
DA:24,1
DA:25,1
DA:29,1
LF:15
LH:15
BRDA:11,0,0,1
BRDA:11,0,1,2
BRDA:19,1,0,1
BRDA:19,1,1,1
BRF:4
BRH:4
end_of_record
TN:
SF:src\application\use-cases\roles\GetRole.js
FN:4,(anonymous_0)
FN:8,(anonymous_1)
FNF:2
FNH:2
FNDA:2,(anonymous_0)
FNDA:2,(anonymous_1)
DA:5,2
DA:9,2
DA:13,1
LF:3
LH:3
BRDA:8,0,0,1
BRF:1
BRH:1
end_of_record
TN:
SF:src\application\use-cases\roles\GetRoleById.js
FN:4,(anonymous_0)
FN:8,(anonymous_1)
FNF:2
FNH:2
FNDA:2,(anonymous_0)
FNDA:2,(anonymous_1)
DA:5,2
DA:9,2
DA:10,2
DA:11,1
DA:12,1
DA:13,1
DA:15,1
DA:19,1
LF:8
LH:8
BRDA:10,0,0,1
BRDA:10,0,1,1
BRF:2
BRH:2
end_of_record
TN:
SF:src\application\use-cases\roles\UpdateRole.js
FN:8,(anonymous_0)
FN:14,(anonymous_1)
FNF:2
FNH:2
FNDA:9,(anonymous_0)
FNDA:9,(anonymous_1)
DA:3,1
DA:5,1
DA:9,9
DA:10,9
DA:11,9
DA:15,9
DA:16,9
DA:17,1
DA:18,1
DA:19,1
DA:27,8
DA:30,8
DA:31,5
DA:32,5
DA:33,1
DA:34,1
DA:35,1
DA:37,4
DA:38,1
DA:39,1
DA:40,1
DA:45,6
DA:46,2
DA:47,2
DA:48,1
DA:49,1
DA:50,1
DA:54,5
DA:55,5
DA:56,5
DA:57,5
DA:58,1
DA:64,5
DA:66,5
DA:70,1
LF:35
LH:35
BRDA:16,0,0,1
BRDA:16,0,1,8
BRDA:30,1,0,5
BRDA:30,1,1,3
BRDA:31,2,0,5
BRDA:31,2,1,0
BRDA:32,3,0,1
BRDA:32,3,1,4
BRDA:37,4,0,1
BRDA:37,4,1,3
BRDA:45,5,0,2
BRDA:45,5,1,4
BRDA:45,6,0,6
BRDA:45,6,1,3
BRDA:47,7,0,1
BRDA:47,7,1,1
BRDA:55,8,0,2
BRDA:55,8,1,3
BRDA:56,9,0,1
BRDA:56,9,1,4
BRDA:57,10,0,1
BRDA:57,10,1,4
BRDA:64,11,0,3
BRDA:64,11,1,2
BRF:24
BRH:23
end_of_record
TN:
SF:src\application\use-cases\users\CreateUser.js
FN:5,(anonymous_0)
FN:8,(anonymous_1)
FN:14,(anonymous_2)
FN:20,(anonymous_3)
FNF:4
FNH:4
FNDA:3,(anonymous_0)
FNDA:5,(anonymous_1)
FNDA:9,(anonymous_2)
FNDA:9,(anonymous_3)
DA:1,1
DA:2,1
DA:3,1
DA:5,3
DA:8,5
DA:15,9
DA:16,9
DA:17,9
DA:30,9
DA:32,9
DA:36,1
DA:37,1
DA:38,1
DA:41,8
DA:42,1
DA:43,1
DA:44,1
DA:47,7
DA:48,1
DA:51,1
DA:52,1
DA:55,6
DA:56,6
DA:57,1
DA:58,1
DA:59,1
DA:65,5
DA:67,1
DA:68,1
DA:69,1
DA:72,1
DA:73,1
DA:77,4
DA:78,4
DA:79,1
DA:80,1
DA:81,1
DA:84,3
DA:85,3
DA:87,3
DA:101,3
DA:102,3
DA:108,1
DA:111,3
DA:112,3
DA:113,3
DA:117,1
LF:47
LH:47
BRDA:7,0,0,1
BRDA:7,0,1,2
BRDA:7,1,0,2
BRDA:7,1,1,0
BRDA:32,2,0,1
BRDA:32,2,1,8
BRDA:33,3,0,9
BRDA:33,3,1,1
BRDA:41,4,0,1
BRDA:41,4,1,7
BRDA:47,5,0,1
BRDA:47,5,1,6
BRDA:56,6,0,1
BRDA:56,6,1,5
BRDA:56,7,0,6
BRDA:56,7,1,6
BRDA:65,8,0,1
BRDA:65,8,1,4
BRDA:68,9,0,1
BRDA:68,9,1,0
BRDA:78,10,0,1
BRDA:78,10,1,3
BRDA:78,11,0,4
BRDA:78,11,1,4
BRDA:97,12,0,3
BRDA:97,12,1,0
BRDA:111,13,0,3
BRDA:111,13,1,0
BRF:28
BRH:24
end_of_record
TN:
SF:src\application\use-cases\users\DeleteUser.js
FN:4,(anonymous_0)
FN:9,(anonymous_1)
FNF:2
FNH:2
FNDA:6,(anonymous_0)
FNDA:5,(anonymous_1)
DA:5,6
DA:6,6
DA:10,5
DA:11,5
DA:12,1
DA:13,1
DA:14,1
DA:17,4
DA:18,4
DA:19,1
DA:22,1
DA:23,1
DA:29,3
DA:31,2
DA:32,2
DA:33,1
DA:36,1
DA:37,1
DA:41,2
DA:42,2
DA:46,1
LF:21
LH:21
BRDA:11,0,0,1
BRDA:11,0,1,4
BRDA:18,1,0,1
BRDA:18,1,1,3
BRDA:29,2,0,2
BRDA:29,2,1,1
BRDA:32,3,0,1
BRDA:32,3,1,1
BRF:8
BRH:8
end_of_record
TN:
SF:src\application\use-cases\users\GetUser.js
FN:2,(anonymous_0)
FN:6,(anonymous_1)
FN:8,(anonymous_2)
FNF:3
FNH:3
FNDA:2,(anonymous_0)
FNDA:2,(anonymous_1)
FNDA:2,(anonymous_2)
DA:3,2
DA:7,2
DA:8,2
DA:12,1
LF:4
LH:4
BRDA:6,0,0,1
BRF:1
BRH:1
end_of_record
TN:
SF:src\application\use-cases\users\GetUserById.js
FN:2,(anonymous_0)
FN:6,(anonymous_1)
FNF:2
FNH:2
FNDA:2,(anonymous_0)
FNDA:2,(anonymous_1)
DA:3,2
DA:7,2
DA:9,2
DA:10,1
DA:11,1
DA:12,1
DA:15,1
DA:19,1
LF:8
LH:8
BRDA:9,0,0,1
BRDA:9,0,1,1
BRF:2
BRH:2
end_of_record
TN:
SF:src\application\use-cases\users\UpdateUser.js
FN:3,(anonymous_0)
FN:6,(anonymous_1)
FN:12,(anonymous_2)
FN:18,(anonymous_3)
FNF:4
FNH:4
FNDA:1,(anonymous_0)
FNDA:2,(anonymous_1)
FNDA:10,(anonymous_2)
FNDA:10,(anonymous_3)
DA:3,1
DA:6,2
DA:13,10
DA:14,10
DA:15,10
DA:19,10
DA:20,10
DA:21,1
DA:22,1
DA:23,1
DA:35,9
DA:38,9
DA:39,2
DA:40,2
DA:41,1
DA:44,1
DA:45,1
DA:50,8
DA:51,1
DA:52,1
DA:53,1
DA:56,1
DA:57,1
DA:61,7
DA:62,7
DA:63,7
DA:64,7
DA:65,7
DA:67,7
DA:68,2
DA:69,2
DA:70,1
DA:71,1
DA:72,1
DA:78,1
DA:80,1
DA:81,1
DA:82,1
DA:85,1
DA:86,1
DA:90,0
DA:93,5
DA:94,1
DA:95,1
DA:96,1
DA:97,1
DA:98,1
DA:100,0
DA:108,4
DA:109,4
DA:110,4
DA:111,1
DA:114,1
DA:118,4
DA:119,1
DA:122,3
DA:123,3
DA:124,1
DA:125,1
DA:126,1
DA:128,2
DA:131,2
DA:135,1
LF:63
LH:61
BRDA:5,0,0,1
BRDA:5,0,1,0
BRDA:5,1,0,0
BRDA:5,1,1,0
BRDA:20,2,0,1
BRDA:20,2,1,9
BRDA:38,3,0,2
BRDA:38,3,1,7
BRDA:38,4,0,9
BRDA:38,4,1,2
BRDA:40,5,0,1
BRDA:40,5,1,1
BRDA:40,6,0,2
BRDA:40,6,1,2
BRDA:50,7,0,1
BRDA:50,7,1,7
BRDA:50,8,0,8
BRDA:50,8,1,1
BRDA:52,9,0,1
BRDA:52,9,1,0
BRDA:52,10,0,1
BRDA:52,10,1,1
BRDA:62,11,0,0
BRDA:62,11,1,7
BRDA:63,12,0,0
BRDA:63,12,1,7
BRDA:64,13,0,2
BRDA:64,13,1,5
BRDA:65,14,0,1
BRDA:65,14,1,6
BRDA:67,15,0,2
BRDA:67,15,1,5
BRDA:69,16,0,1
BRDA:69,16,1,1
BRDA:69,17,0,2
BRDA:69,17,1,2
BRDA:78,18,0,1
BRDA:78,18,1,0
BRDA:81,19,0,1
BRDA:81,19,1,0
BRDA:93,20,0,1
BRDA:93,20,1,4
BRDA:95,21,0,1
BRDA:95,21,1,0
BRDA:95,22,0,1
BRDA:95,22,1,1
BRDA:110,23,0,1
BRDA:110,23,1,3
BRDA:110,24,0,4
BRDA:110,24,1,3
BRDA:111,25,0,1
BRDA:111,25,1,0
BRDA:118,26,0,1
BRDA:118,26,1,3
BRDA:119,27,0,1
BRDA:119,27,1,0
BRDA:123,28,0,1
BRDA:123,28,1,2
BRDA:128,29,0,2
BRDA:128,29,1,0
BRF:60
BRH:48
end_of_record
TN:
SF:src\interfaces\middlewares\authMiddleware.js
FN:12,(anonymous_0)
FN:27,(anonymous_1)
FN:74,(anonymous_2)
FN:75,(anonymous_3)
FN:98,(anonymous_4)
FN:98,(anonymous_5)
FN:111,(anonymous_6)
FN:122,(anonymous_7)
FNF:8
FNH:8
FNDA:15,(anonymous_0)
FNDA:8,(anonymous_1)
FNDA:3,(anonymous_2)
FNDA:3,(anonymous_3)
FNDA:6,(anonymous_4)
FNDA:6,(anonymous_5)
FNDA:3,(anonymous_6)
FNDA:2,(anonymous_7)
DA:1,1
DA:6,1
DA:7,1
DA:8,1
DA:10,1
DA:12,1
DA:13,15
DA:27,1
DA:28,8
DA:31,8
DA:32,2
DA:36,6
DA:37,6
DA:40,2
DA:44,2
DA:47,4
DA:48,4
DA:50,3
DA:51,2
DA:59,1
DA:66,1
DA:68,1
DA:69,1
DA:74,1
DA:75,3
DA:76,3
DA:77,1
DA:80,2
DA:81,2
DA:83,2
DA:84,1
DA:87,1
DA:98,6
DA:99,6
DA:100,1
DA:103,5
DA:104,5
DA:106,4
DA:107,1
DA:110,3
DA:111,3
DA:114,3
DA:115,1
DA:121,2
DA:122,2
DA:125,2
DA:126,1
DA:132,1
DA:134,1
DA:135,1
DA:139,1
LF:51
LH:51
BRDA:13,0,0,15
BRDA:13,0,1,0
BRDA:31,1,0,2
BRDA:31,1,1,6
BRDA:31,2,0,8
BRDA:31,2,1,7
BRDA:40,3,0,1
BRDA:40,3,1,1
BRDA:50,4,0,2
BRDA:50,4,1,1
BRDA:50,5,0,3
BRDA:50,5,1,2
BRDA:76,6,0,1
BRDA:76,6,1,2
BRDA:83,7,0,1
BRDA:83,7,1,1
BRDA:83,8,0,2
BRDA:83,8,1,2
BRDA:99,9,0,1
BRDA:99,9,1,5
BRDA:106,10,0,1
BRDA:106,10,1,3
BRDA:106,11,0,4
BRDA:106,11,1,3
BRDA:114,12,0,1
BRDA:114,12,1,2
BRDA:125,13,0,1
BRDA:125,13,1,1
BRF:28
BRH:27
end_of_record
