TN:
SF:src\application\use-cases\auth\ChangePassword.js
FN:8,(anonymous_0)
FN:12,(anonymous_1)
FNF:2
FNH:2
FNDA:5,(anonymous_0)
FNDA:5,(anonymous_1)
DA:3,1
DA:5,1
DA:9,5
DA:15,5
DA:16,1
DA:17,1
DA:18,1
DA:22,4
DA:23,1
DA:27,1
DA:28,1
DA:36,3
DA:38,3
DA:39,1
DA:40,1
DA:41,1
DA:45,2
DA:46,2
DA:47,1
DA:48,1
DA:49,1
DA:53,1
DA:54,1
DA:56,1
DA:60,1
LF:25
LH:25
BRDA:15,0,0,1
BRDA:15,0,1,4
BRDA:22,1,0,1
BRDA:22,1,1,3
BRDA:38,2,0,1
BRDA:38,2,1,2
BRDA:46,3,0,1
BRDA:46,3,1,1
BRF:8
BRH:8
end_of_record
TN:
SF:src\application\use-cases\auth\ForgotPassword.js
FN:6,(anonymous_0)
FN:10,(anonymous_1)
FNF:2
FNH:2
FNDA:3,(anonymous_0)
FNDA:3,(anonymous_1)
DA:1,1
DA:2,1
DA:3,1
DA:7,3
DA:11,3
DA:13,3
DA:14,1
DA:15,1
DA:16,1
DA:19,2
DA:20,1
DA:21,1
DA:22,1
DA:26,1
DA:29,1
DA:32,1
DA:39,1
DA:42,1
DA:44,1
DA:48,1
LF:20
LH:20
BRDA:13,0,0,1
BRDA:13,0,1,2
BRDA:19,1,0,1
BRDA:19,1,1,1
BRF:4
BRH:4
end_of_record
TN:
SF:src\application\use-cases\auth\LoginUser.js
FN:14,(anonymous_0)
FN:24,(anonymous_1)
FN:31,(anonymous_2)
FN:39,(anonymous_3)
FN:49,(anonymous_4)
FNF:5
FNH:4
FNDA:9,(anonymous_0)
FNDA:1,(anonymous_1)
FNDA:1,(anonymous_2)
FNDA:0,(anonymous_3)
FNDA:9,(anonymous_4)
DA:3,1
DA:4,1
DA:5,1
DA:7,1
DA:15,9
DA:16,9
DA:17,9
DA:25,1
DA:26,1
DA:27,1
DA:29,1
DA:30,1
DA:32,1
DA:40,0
DA:45,0
DA:56,9
DA:59,9
DA:60,1
DA:61,1
DA:62,1
DA:72,8
DA:73,1
DA:74,1
DA:75,1
DA:79,7
DA:80,7
DA:83,2
DA:85,2
DA:86,1
DA:90,1
DA:92,1
DA:95,1
DA:96,1
DA:99,1
DA:100,1
DA:101,1
DA:108,5
DA:112,5
DA:114,5
DA:115,2
DA:116,2
DA:117,2
DA:121,3
DA:123,3
DA:124,2
DA:125,2
DA:126,2
DA:130,1
DA:143,1
DA:147,1
LF:50
LH:48
BRDA:27,0,0,0
BRDA:27,0,1,1
BRDA:59,1,0,1
BRDA:59,1,1,8
BRDA:72,2,0,1
BRDA:72,2,1,7
BRDA:80,3,0,2
BRDA:80,3,1,5
BRDA:85,4,0,1
BRDA:85,4,1,1
BRDA:114,5,0,2
BRDA:114,5,1,3
BRDA:114,6,0,5
BRDA:114,6,1,4
BRDA:114,6,2,4
BRDA:123,7,0,2
BRDA:123,7,1,1
BRDA:123,8,0,3
BRDA:123,8,1,2
BRF:19
BRH:18
end_of_record
TN:
SF:src\application\use-cases\auth\ResetPassword.js
FN:8,(anonymous_0)
FN:12,(anonymous_1)
FNF:2
FNH:2
FNDA:5,(anonymous_0)
FNDA:5,(anonymous_1)
DA:1,1
DA:2,1
DA:3,1
DA:5,1
DA:9,5
DA:14,5
DA:15,1
DA:16,1
DA:17,1
DA:21,4
DA:22,1
DA:23,1
DA:24,1
DA:28,3
DA:30,3
DA:31,1
DA:32,1
DA:33,1
DA:37,2
DA:38,1
DA:39,1
DA:40,1
DA:41,1
DA:45,1
DA:46,1
DA:47,1
DA:50,1
DA:53,1
DA:58,1
DA:62,1
LF:30
LH:30
BRDA:14,0,0,1
BRDA:14,0,1,4
BRDA:21,1,0,1
BRDA:21,1,1,3
BRDA:30,2,0,1
BRDA:30,2,1,2
BRDA:37,3,0,1
BRDA:37,3,1,1
BRF:8
BRH:8
end_of_record
TN:
SF:src\application\use-cases\auth\VerifyCode.js
FN:7,(anonymous_0)
FN:9,(anonymous_1)
FNF:2
FNH:2
FNDA:5,(anonymous_0)
FNDA:5,(anonymous_1)
DA:1,1
DA:2,1
DA:4,1
DA:10,5
DA:15,5
DA:16,1
DA:17,1
DA:18,1
DA:22,4
DA:23,1
DA:24,1
DA:25,1
DA:26,1
DA:30,3
DA:31,1
DA:32,1
DA:33,1
DA:34,1
DA:38,2
DA:39,1
DA:43,1
DA:44,1
DA:45,1
DA:46,1
DA:50,1
DA:52,1
DA:57,1
DA:61,1
LF:28
LH:28
BRDA:15,0,0,1
BRDA:15,0,1,4
BRDA:22,1,0,1
BRDA:22,1,1,3
BRDA:30,2,0,1
BRDA:30,2,1,2
BRDA:38,3,0,1
BRDA:38,3,1,1
BRF:8
BRH:8
end_of_record
TN:
SF:src\application\use-cases\production\AnularProduction.js
FN:5,(anonymous_0)
FN:9,(anonymous_1)
FNF:2
FNH:2
FNDA:5,(anonymous_0)
FNDA:5,(anonymous_1)
DA:2,1
DA:6,5
DA:10,5
DA:12,5
DA:13,1
DA:14,1
DA:15,1
DA:18,4
DA:19,1
DA:20,1
DA:21,1
DA:24,3
DA:25,2
DA:26,2
DA:27,2
DA:30,1
DA:31,1
DA:35,1
LF:18
LH:18
BRDA:12,0,0,1
BRDA:12,0,1,4
BRDA:18,1,0,1
BRDA:18,1,1,3
BRDA:24,2,0,2
BRDA:24,2,1,1
BRDA:24,3,0,3
BRDA:24,3,1,2
BRF:8
BRH:8
end_of_record
TN:
SF:src\application\use-cases\production\AsignarEmpleadoProduccion.js
FN:12,(anonymous_0)
FN:17,(anonymous_1)
FN:43,(anonymous_2)
FN:82,(anonymous_3)
FNF:4
FNH:4
FNDA:13,(anonymous_0)
FNDA:13,(anonymous_1)
FNDA:25,(anonymous_2)
FNDA:1,(anonymous_3)
DA:2,1
DA:13,13
DA:14,13
DA:18,13
DA:19,13
DA:20,1
DA:21,1
DA:22,1
DA:24,12
DA:25,1
DA:26,1
DA:27,1
DA:30,11
DA:31,11
DA:32,1
DA:33,1
DA:34,1
DA:36,10
DA:37,1
DA:38,1
DA:39,1
DA:43,25
DA:45,9
DA:46,1
DA:47,1
DA:48,1
DA:51,8
DA:54,8
DA:55,8
DA:56,1
DA:59,1
DA:60,1
DA:65,7
DA:66,1
DA:67,1
DA:68,1
DA:71,6
DA:75,6
DA:77,5
DA:83,1
DA:87,6
DA:91,1
LF:42
LH:42
BRDA:19,0,0,1
BRDA:19,0,1,12
BRDA:24,1,0,1
BRDA:24,1,1,11
BRDA:31,2,0,1
BRDA:31,2,1,10
BRDA:36,3,0,1
BRDA:36,3,1,9
BRDA:43,4,0,25
BRDA:43,4,1,0
BRDA:45,5,0,1
BRDA:45,5,1,8
BRDA:51,6,0,7
BRDA:51,6,1,1
BRDA:55,7,0,1
BRDA:55,7,1,7
BRDA:65,8,0,1
BRDA:65,8,1,6
BRDA:65,9,0,7
BRDA:65,9,1,6
BRDA:75,10,0,5
BRDA:75,10,1,1
BRF:22
BRH:21
end_of_record
TN:
SF:src\application\use-cases\production\CambiarEstadoProduction.js
FN:9,(anonymous_0)
FN:22,(anonymous_1)
FN:123,(anonymous_2)
FN:129,(anonymous_3)
FN:137,(anonymous_4)
FN:143,(anonymous_5)
FN:156,(anonymous_6)
FN:162,(anonymous_7)
FNF:8
FNH:7
FNDA:41,(anonymous_0)
FNDA:23,(anonymous_1)
FNDA:0,(anonymous_2)
FNDA:1,(anonymous_3)
FNDA:10,(anonymous_4)
FNDA:3,(anonymous_5)
FNDA:8,(anonymous_6)
FNDA:5,(anonymous_7)
DA:2,1
DA:6,1
DA:10,41
DA:11,41
DA:12,41
DA:13,41
DA:23,23
DA:24,1
DA:27,1
DA:28,1
DA:32,22
DA:33,1
DA:36,1
DA:37,1
DA:40,21
DA:42,21
DA:43,1
DA:44,1
DA:45,1
DA:48,20
DA:49,1
DA:50,1
DA:51,1
DA:54,19
DA:55,19
DA:56,17
DA:57,17
DA:58,17
DA:59,2
DA:60,2
DA:61,2
DA:69,17
DA:70,17
DA:71,3
DA:75,3
DA:76,3
DA:77,3
DA:78,1
DA:81,1
DA:82,1
DA:86,16
DA:91,16
DA:92,5
DA:93,1
DA:96,1
DA:97,1
DA:103,15
DA:104,15
DA:106,15
DA:122,15
DA:123,6
DA:124,0
DA:128,15
DA:129,2
DA:130,1
DA:134,15
DA:138,10
DA:139,10
DA:141,3
DA:142,3
DA:143,3
DA:145,3
DA:147,1
DA:157,8
DA:158,8
DA:160,6
DA:163,5
DA:164,3
DA:169,6
DA:170,2
DA:171,2
DA:174,6
DA:183,1
LF:73
LH:72
BRDA:22,0,0,16
BRDA:23,1,0,1
BRDA:23,1,1,22
BRDA:32,2,0,1
BRDA:32,2,1,21
BRDA:42,3,0,1
BRDA:42,3,1,20
BRDA:48,4,0,1
BRDA:48,4,1,19
BRDA:55,5,0,17
BRDA:55,5,1,2
BRDA:58,6,0,2
BRDA:58,6,1,15
BRDA:69,7,0,17
BRDA:69,7,1,13
BRDA:70,8,0,3
BRDA:70,8,1,14
BRDA:70,9,0,17
BRDA:70,9,1,9
BRDA:71,10,0,3
BRDA:71,10,1,0
BRDA:77,11,0,1
BRDA:77,11,1,2
BRDA:77,12,0,3
BRDA:77,12,1,2
BRDA:91,13,0,5
BRDA:91,13,1,11
BRDA:91,14,0,16
BRDA:91,14,1,14
BRDA:92,15,0,1
BRDA:92,15,1,4
BRDA:92,16,0,5
BRDA:92,16,1,2
BRDA:115,17,0,15
BRDA:115,17,1,14
BRDA:122,18,0,6
BRDA:122,18,1,9
BRDA:122,19,0,15
BRDA:122,19,1,7
BRDA:128,20,0,2
BRDA:128,20,1,13
BRDA:128,21,0,15
BRDA:128,21,1,3
BRDA:139,22,0,7
BRDA:139,22,1,3
BRDA:139,23,0,10
BRDA:139,23,1,4
BRDA:143,24,0,3
BRDA:143,24,1,0
BRDA:145,25,0,2
BRDA:145,25,1,1
BRDA:145,26,0,3
BRDA:145,26,1,2
BRDA:158,27,0,2
BRDA:158,27,1,6
BRDA:160,28,0,2
BRDA:160,28,1,4
BRDA:163,29,0,2
BRDA:163,29,1,3
BRDA:164,30,0,3
BRDA:164,30,1,2
BRDA:164,30,2,1
BRDA:169,31,0,2
BRDA:169,31,1,4
BRDA:169,32,0,6
BRDA:169,32,1,4
BRDA:169,32,2,3
BRDA:171,33,0,1
BRDA:171,33,1,1
BRDA:178,34,0,3
BRDA:178,34,1,3
BRF:71
BRH:69
end_of_record
TN:
SF:src\application\use-cases\production\ConfirmarEtapaProduccion.js
FN:22,(anonymous_0)
FN:27,(anonymous_1)
FN:116,(anonymous_2)
FN:123,(anonymous_3)
FNF:4
FNH:3
FNDA:21,(anonymous_0)
FNDA:11,(anonymous_1)
FNDA:0,(anonymous_2)
FNDA:11,(anonymous_3)
DA:16,1
DA:17,1
DA:19,1
DA:23,21
DA:24,21
DA:29,11
DA:30,1
DA:31,1
DA:32,1
DA:36,10
DA:37,10
DA:38,1
DA:39,1
DA:40,1
DA:44,9
DA:45,1
DA:46,1
DA:47,1
DA:51,8
DA:52,1
DA:56,1
DA:57,1
DA:61,7
DA:62,1
DA:65,1
DA:66,1
DA:70,6
DA:71,1
DA:74,1
DA:75,1
DA:79,5
DA:80,1
DA:81,1
DA:82,1
DA:85,4
DA:88,4
DA:96,4
DA:100,4
DA:101,3
DA:110,4
DA:111,1
DA:112,1
DA:113,1
DA:116,3
DA:117,0
DA:120,3
DA:124,11
DA:126,10
DA:127,10
DA:128,10
DA:129,9
DA:130,9
DA:133,1
DA:136,10
DA:138,10
DA:139,10
DA:141,3
DA:142,3
DA:144,7
DA:145,1
DA:146,1
DA:150,6
DA:151,6
DA:153,1
DA:154,1
DA:157,5
DA:159,4
DA:160,5
DA:161,4
DA:162,4
DA:170,1
DA:176,1
LF:72
LH:71
BRDA:27,0,0,9
BRDA:29,1,0,1
BRDA:29,1,1,10
BRDA:37,2,0,1
BRDA:37,2,1,9
BRDA:44,3,0,1
BRDA:44,3,1,8
BRDA:51,4,0,1
BRDA:51,4,1,7
BRDA:61,5,0,1
BRDA:61,5,1,6
BRDA:70,6,0,1
BRDA:70,6,1,5
BRDA:79,7,0,1
BRDA:79,7,1,4
BRDA:85,8,0,4
BRDA:85,8,1,2
BRDA:100,9,0,3
BRDA:100,9,1,1
BRDA:110,10,0,1
BRDA:110,10,1,3
BRDA:124,11,0,1
BRDA:124,11,1,10
BRDA:129,12,0,9
BRDA:129,12,1,0
BRDA:130,13,0,9
BRDA:130,13,1,0
BRDA:130,13,2,0
BRDA:130,13,3,0
BRDA:144,14,0,1
BRDA:144,14,1,6
BRDA:157,15,0,1
BRDA:157,15,1,4
BRDA:157,16,0,5
BRDA:157,16,1,5
BRDA:160,17,0,1
BRDA:160,17,1,4
BRDA:163,18,0,4
BRDA:163,18,1,0
BRDA:163,18,2,0
BRF:40
BRH:34
end_of_record
TN:
SF:src\application\use-cases\production\CreateOrderDetail.js
FN:10,(anonymous_0)
FN:15,(anonymous_1)
FNF:2
FNH:2
FNDA:9,(anonymous_0)
FNDA:9,(anonymous_1)
DA:11,9
DA:12,9
DA:16,9
DA:19,9
DA:20,3
DA:21,3
DA:22,3
DA:25,6
DA:26,6
DA:27,2
DA:28,2
DA:29,2
DA:33,4
DA:34,4
DA:35,1
DA:36,1
DA:37,1
DA:40,3
DA:41,1
DA:42,1
DA:43,1
DA:46,2
DA:54,2
DA:58,1
LF:24
LH:24
BRDA:19,0,0,3
BRDA:19,0,1,6
BRDA:19,1,0,9
BRDA:19,1,1,8
BRDA:19,1,2,7
BRDA:26,2,0,2
BRDA:26,2,1,4
BRDA:26,3,0,6
BRDA:26,3,1,5
BRDA:34,4,0,1
BRDA:34,4,1,3
BRDA:40,5,0,1
BRDA:40,5,1,2
BRDA:50,6,0,2
BRDA:50,6,1,1
BRF:15
BRH:15
end_of_record
TN:
SF:src\application\use-cases\production\CreateProduction.js
FN:3,(anonymous_0)
FN:7,(anonymous_1)
FNF:2
FNH:2
FNDA:4,(anonymous_0)
FNDA:4,(anonymous_1)
DA:4,4
DA:8,4
DA:10,4
DA:11,3
DA:12,3
DA:13,3
DA:16,1
DA:24,1
LF:8
LH:8
BRDA:10,0,0,3
BRDA:10,0,1,1
BRDA:10,1,0,4
BRDA:10,1,1,3
BRDA:10,1,2,2
BRF:5
BRH:5
end_of_record
TN:
SF:src\application\use-cases\production\GetAlertasProduction.js
FN:4,(anonymous_0)
FN:18,(anonymous_1)
FNF:2
FNH:2
FNDA:1,(anonymous_0)
FNDA:1,(anonymous_1)
DA:5,1
DA:19,1
DA:20,1
DA:24,1
LF:4
LH:4
BRF:0
BRH:0
end_of_record
TN:
SF:src\application\use-cases\production\GetCalendarioProduction.js
FN:4,(anonymous_0)
FN:17,(anonymous_1)
FN:30,(anonymous_2)
FNF:3
FNH:3
FNDA:4,(anonymous_0)
FNDA:4,(anonymous_1)
FNDA:3,(anonymous_2)
DA:5,4
DA:18,4
DA:20,4
DA:28,4
DA:30,4
DA:31,3
DA:34,3
DA:49,3
DA:62,4
DA:66,1
LF:10
LH:10
BRDA:31,0,0,3
BRDA:31,0,1,1
BRDA:37,1,0,1
BRDA:37,1,1,2
BRF:4
BRH:4
end_of_record
TN:
SF:src\application\use-cases\production\GetEmployeeWorkload.js
FN:11,(anonymous_0)
FN:16,(anonymous_1)
FN:17,(anonymous_2)
FN:21,(anonymous_3)
FN:28,(anonymous_4)
FN:33,(anonymous_5)
FN:44,(anonymous_6)
FNF:7
FNH:7
FNDA:15,(anonymous_0)
FNDA:15,(anonymous_1)
FNDA:35,(anonymous_2)
FNDA:16,(anonymous_3)
FNDA:5,(anonymous_4)
FNDA:9,(anonymous_5)
FNDA:12,(anonymous_6)
DA:12,15
DA:13,15
DA:17,35
DA:18,15
DA:20,15
DA:21,15
DA:22,16
DA:23,15
DA:24,14
DA:25,5
DA:28,5
DA:31,15
DA:32,15
DA:33,15
DA:34,9
DA:35,9
DA:39,9
DA:40,5
DA:41,5
DA:44,15
DA:52,1
LF:21
LH:21
BRDA:17,0,0,35
BRDA:17,0,1,10
BRDA:21,1,0,15
BRDA:21,1,1,1
BRDA:22,2,0,1
BRDA:22,2,1,15
BRDA:23,3,0,1
BRDA:23,3,1,14
BRDA:24,4,0,9
BRDA:24,4,1,5
BRDA:25,5,0,3
BRDA:25,5,1,2
BRDA:25,6,0,5
BRDA:25,6,1,3
BRDA:26,7,0,3
BRDA:26,7,1,2
BRDA:27,8,0,2
BRDA:27,8,1,1
BRDA:33,9,0,15
BRDA:33,9,1,1
BRDA:35,10,0,9
BRDA:35,10,1,5
BRDA:36,11,0,1
BRDA:36,11,1,4
BRDA:38,12,0,4
BRDA:38,12,1,3
BRDA:39,13,0,4
BRDA:39,13,1,5
BRDA:39,14,0,9
BRDA:39,14,1,7
BRDA:39,14,2,6
BRDA:41,15,0,5
BRDA:41,15,1,4
BRDA:47,16,0,12
BRDA:47,16,1,8
BRF:35
BRH:35
end_of_record
TN:
SF:src\application\use-cases\production\GetOrderDetails.js
FN:9,(anonymous_0)
FN:17,(anonymous_1)
FN:19,(anonymous_2)
FNF:3
FNH:3
FNDA:2,(anonymous_0)
FNDA:2,(anonymous_1)
FNDA:2,(anonymous_2)
DA:10,2
DA:18,2
DA:19,2
DA:23,1
LF:4
LH:4
BRDA:17,0,0,1
BRF:1
BRH:1
end_of_record
TN:
SF:src\application\use-cases\production\GetProduction.js
FN:5,(anonymous_0)
FN:9,(anonymous_1)
FN:12,(anonymous_2)
FNF:3
FNH:3
FNDA:4,(anonymous_0)
FNDA:4,(anonymous_1)
FNDA:2,(anonymous_2)
DA:6,4
DA:10,4
DA:11,4
DA:12,4
DA:16,1
LF:5
LH:5
BRDA:9,0,0,3
BRDA:11,1,0,2
BRDA:11,1,1,2
BRF:3
BRH:3
end_of_record
TN:
SF:src\application\use-cases\production\GetProductionById.js
FN:4,(anonymous_0)
FN:8,(anonymous_1)
FNF:2
FNH:2
FNDA:2,(anonymous_0)
FNDA:2,(anonymous_1)
DA:5,2
DA:9,2
DA:11,2
DA:12,1
DA:13,1
DA:14,1
DA:17,1
DA:21,1
LF:8
LH:8
BRDA:11,0,0,1
BRDA:11,0,1,1
BRF:2
BRH:2
end_of_record
TN:
SF:src\application\use-cases\production\GetProductions.js
FN:4,(anonymous_0)
FN:12,(anonymous_1)
FN:16,(anonymous_2)
FNF:3
FNH:3
FNDA:4,(anonymous_0)
FNDA:4,(anonymous_1)
FNDA:3,(anonymous_2)
DA:5,4
DA:13,4
DA:14,4
DA:15,4
DA:16,3
DA:25,1
LF:6
LH:6
BRDA:12,0,0,3
BRDA:14,1,0,2
BRDA:14,1,1,2
BRDA:17,2,0,4
BRDA:17,2,1,3
BRDA:18,3,0,4
BRDA:18,3,1,3
BRDA:19,4,0,4
BRDA:19,4,1,3
BRDA:20,5,0,4
BRDA:20,5,1,3
BRF:11
BRH:11
end_of_record
TN:
SF:src\application\use-cases\production\ReasignarEmpleadoProduccion.js
FN:4,(anonymous_0)
FN:9,(anonymous_1)
FN:42,(anonymous_2)
FN:79,(anonymous_3)
FN:101,(anonymous_4)
FN:112,(anonymous_5)
FNF:6
FNH:4
FNDA:15,(anonymous_0)
FNDA:15,(anonymous_1)
FNDA:25,(anonymous_2)
FNDA:1,(anonymous_3)
FNDA:0,(anonymous_4)
FNDA:0,(anonymous_5)
DA:1,1
DA:5,15
DA:6,15
DA:10,15
DA:11,15
DA:12,1
DA:13,1
DA:14,1
DA:16,14
DA:17,1
DA:18,1
DA:19,1
DA:22,13
DA:23,2
DA:24,2
DA:25,2
DA:28,11
DA:30,11
DA:31,11
DA:32,1
DA:33,1
DA:34,1
DA:36,10
DA:37,1
DA:38,1
DA:39,1
DA:42,25
DA:44,9
DA:45,1
DA:46,1
DA:47,1
DA:50,8
DA:53,8
DA:54,8
DA:55,1
DA:58,1
DA:59,1
DA:62,7
DA:63,1
DA:64,1
DA:65,1
DA:68,6
DA:69,1
DA:70,1
DA:71,1
DA:74,5
DA:78,5
DA:79,1
DA:82,5
DA:83,5
DA:84,5
DA:85,5
DA:87,5
DA:95,5
DA:96,4
DA:102,0
DA:106,5
DA:107,3
DA:113,0
DA:117,5
DA:118,5
DA:119,5
DA:120,5
DA:121,5
DA:123,5
DA:127,1
LF:66
LH:64
BRDA:9,0,0,14
BRDA:9,1,0,14
BRDA:11,2,0,1
BRDA:11,2,1,14
BRDA:16,3,0,1
BRDA:16,3,1,13
BRDA:22,4,0,2
BRDA:22,4,1,11
BRDA:22,5,0,13
BRDA:22,5,1,12
BRDA:31,6,0,1
BRDA:31,6,1,10
BRDA:36,7,0,1
BRDA:36,7,1,9
BRDA:42,8,0,25
BRDA:42,8,1,0
BRDA:44,9,0,1
BRDA:44,9,1,8
BRDA:50,10,0,8
BRDA:50,10,1,0
BRDA:54,11,0,1
BRDA:54,11,1,7
BRDA:62,12,0,1
BRDA:62,12,1,6
BRDA:62,13,0,7
BRDA:62,13,1,7
BRDA:68,14,0,1
BRDA:68,14,1,5
BRDA:68,15,0,6
BRDA:68,15,1,1
BRDA:78,16,0,4
BRDA:78,16,1,1
BRDA:82,17,0,5
BRDA:82,17,1,2
BRDA:85,18,0,5
BRDA:85,18,1,4
BRDA:95,19,0,4
BRDA:95,19,1,1
BRDA:106,20,0,3
BRDA:106,20,1,2
BRF:40
BRH:38
end_of_record
TN:
SF:src\application\use-cases\production\UpdateProduction.js
FN:4,(anonymous_0)
FN:8,(anonymous_1)
FNF:2
FNH:2
FNDA:8,(anonymous_0)
FNDA:8,(anonymous_1)
DA:5,8
DA:9,8
DA:10,8
DA:11,1
DA:12,1
DA:13,1
DA:16,7
DA:17,1
DA:18,1
DA:19,1
DA:22,6
DA:24,6
DA:25,6
DA:26,6
DA:27,6
DA:28,6
DA:30,6
DA:31,2
DA:34,4
DA:35,4
DA:36,1
DA:37,1
DA:38,1
DA:40,3
DA:44,1
LF:25
LH:25
BRDA:10,0,0,1
BRDA:10,0,1,7
BRDA:16,1,0,1
BRDA:16,1,1,6
BRDA:16,2,0,7
BRDA:16,2,1,6
BRDA:25,3,0,1
BRDA:25,3,1,5
BRDA:26,4,0,3
BRDA:26,4,1,3
BRDA:27,5,0,2
BRDA:27,5,1,4
BRDA:28,6,0,1
BRDA:28,6,1,5
BRDA:30,7,0,2
BRDA:30,7,1,4
BRDA:31,8,0,1
BRDA:31,8,1,1
BRDA:35,9,0,1
BRDA:35,9,1,3
BRF:20
BRH:20
end_of_record
TN:
SF:src\application\use-cases\roles\CreateRole.js
FN:8,(anonymous_0)
FN:14,(anonymous_1)
FNF:2
FNH:2
FNDA:10,(anonymous_0)
FNDA:10,(anonymous_1)
DA:3,1
DA:5,1
DA:9,10
DA:10,10
DA:11,10
DA:20,10
DA:23,10
DA:24,10
DA:25,3
DA:26,3
DA:27,3
DA:29,7
DA:30,1
DA:31,1
DA:32,1
DA:36,6
DA:37,6
DA:38,1
DA:39,1
DA:40,1
DA:43,5
DA:49,4
DA:54,4
DA:56,4
DA:60,1
LF:25
LH:25
BRDA:18,0,0,1
BRDA:19,1,0,9
BRDA:23,2,0,8
BRDA:23,2,1,2
BRDA:24,3,0,3
BRDA:24,3,1,7
BRDA:29,4,0,1
BRDA:29,4,1,6
BRDA:37,5,0,1
BRDA:37,5,1,5
BRDA:54,6,0,3
BRDA:54,6,1,1
BRF:12
BRH:12
end_of_record
TN:
SF:src\application\use-cases\roles\DeleteRole.js
FN:4,(anonymous_0)
FN:9,(anonymous_1)
FNF:2
FNH:2
FNDA:3,(anonymous_0)
FNDA:3,(anonymous_1)
DA:5,3
DA:6,3
DA:10,3
DA:11,3
DA:12,1
DA:13,1
DA:14,1
DA:18,2
DA:19,2
DA:20,1
DA:21,1
DA:22,1
DA:24,1
DA:25,1
DA:29,1
LF:15
LH:15
BRDA:11,0,0,1
BRDA:11,0,1,2
BRDA:19,1,0,1
BRDA:19,1,1,1
BRF:4
BRH:4
end_of_record
TN:
SF:src\application\use-cases\roles\GetRole.js
FN:4,(anonymous_0)
FN:8,(anonymous_1)
FNF:2
FNH:2
FNDA:2,(anonymous_0)
FNDA:2,(anonymous_1)
DA:5,2
DA:9,2
DA:13,1
LF:3
LH:3
BRDA:8,0,0,1
BRF:1
BRH:1
end_of_record
TN:
SF:src\application\use-cases\roles\GetRoleById.js
FN:4,(anonymous_0)
FN:8,(anonymous_1)
FNF:2
FNH:2
FNDA:2,(anonymous_0)
FNDA:2,(anonymous_1)
DA:5,2
DA:9,2
DA:10,2
DA:11,1
DA:12,1
DA:13,1
DA:15,1
DA:19,1
LF:8
LH:8
BRDA:10,0,0,1
BRDA:10,0,1,1
BRF:2
BRH:2
end_of_record
TN:
SF:src\application\use-cases\roles\UpdateRole.js
FN:8,(anonymous_0)
FN:14,(anonymous_1)
FNF:2
FNH:2
FNDA:9,(anonymous_0)
FNDA:9,(anonymous_1)
DA:3,1
DA:5,1
DA:9,9
DA:10,9
DA:11,9
DA:15,9
DA:16,9
DA:17,1
DA:18,1
DA:19,1
DA:27,8
DA:30,8
DA:31,5
DA:32,5
DA:33,1
DA:34,1
DA:35,1
DA:37,4
DA:38,1
DA:39,1
DA:40,1
DA:45,6
DA:46,2
DA:47,2
DA:48,1
DA:49,1
DA:50,1
DA:54,5
DA:55,5
DA:56,5
DA:57,5
DA:58,1
DA:64,5
DA:66,5
DA:70,1
LF:35
LH:35
BRDA:16,0,0,1
BRDA:16,0,1,8
BRDA:30,1,0,5
BRDA:30,1,1,3
BRDA:31,2,0,5
BRDA:31,2,1,0
BRDA:32,3,0,1
BRDA:32,3,1,4
BRDA:37,4,0,1
BRDA:37,4,1,3
BRDA:45,5,0,2
BRDA:45,5,1,4
BRDA:45,6,0,6
BRDA:45,6,1,3
BRDA:47,7,0,1
BRDA:47,7,1,1
BRDA:55,8,0,2
BRDA:55,8,1,3
BRDA:56,9,0,1
BRDA:56,9,1,4
BRDA:57,10,0,1
BRDA:57,10,1,4
BRDA:64,11,0,3
BRDA:64,11,1,2
BRF:24
BRH:23
end_of_record
TN:
SF:src\application\use-cases\users\CreateUser.js
FN:5,(anonymous_0)
FN:8,(anonymous_1)
FN:14,(anonymous_2)
FN:20,(anonymous_3)
FNF:4
FNH:4
FNDA:3,(anonymous_0)
FNDA:5,(anonymous_1)
FNDA:9,(anonymous_2)
FNDA:9,(anonymous_3)
DA:1,1
DA:2,1
DA:3,1
DA:5,3
DA:8,5
DA:15,9
DA:16,9
DA:17,9
DA:30,9
DA:32,9
DA:36,1
DA:37,1
DA:38,1
DA:41,8
DA:42,1
DA:43,1
DA:44,1
DA:47,7
DA:48,1
DA:51,1
DA:52,1
DA:55,6
DA:56,6
DA:57,1
DA:58,1
DA:59,1
DA:65,5
DA:67,1
DA:68,1
DA:69,1
DA:72,1
DA:73,1
DA:77,4
DA:78,4
DA:79,1
DA:80,1
DA:81,1
DA:84,3
DA:85,3
DA:87,3
DA:101,3
DA:102,3
DA:108,1
DA:111,3
DA:112,3
DA:113,3
DA:117,1
LF:47
LH:47
BRDA:7,0,0,1
BRDA:7,0,1,2
BRDA:7,1,0,2
BRDA:7,1,1,0
BRDA:32,2,0,1
BRDA:32,2,1,8
BRDA:33,3,0,9
BRDA:33,3,1,1
BRDA:41,4,0,1
BRDA:41,4,1,7
BRDA:47,5,0,1
BRDA:47,5,1,6
BRDA:56,6,0,1
BRDA:56,6,1,5
BRDA:56,7,0,6
BRDA:56,7,1,6
BRDA:65,8,0,1
BRDA:65,8,1,4
BRDA:68,9,0,1
BRDA:68,9,1,0
BRDA:78,10,0,1
BRDA:78,10,1,3
BRDA:78,11,0,4
BRDA:78,11,1,4
BRDA:97,12,0,3
BRDA:97,12,1,0
BRDA:111,13,0,3
BRDA:111,13,1,0
BRF:28
BRH:24
end_of_record
TN:
SF:src\application\use-cases\users\DeleteUser.js
FN:4,(anonymous_0)
FN:9,(anonymous_1)
FNF:2
FNH:2
FNDA:6,(anonymous_0)
FNDA:5,(anonymous_1)
DA:5,6
DA:6,6
DA:10,5
DA:11,5
DA:12,1
DA:13,1
DA:14,1
DA:17,4
DA:18,4
DA:19,1
DA:22,1
DA:23,1
DA:29,3
DA:31,2
DA:32,2
DA:33,1
DA:36,1
DA:37,1
DA:41,2
DA:42,2
DA:46,1
LF:21
LH:21
BRDA:11,0,0,1
BRDA:11,0,1,4
BRDA:18,1,0,1
BRDA:18,1,1,3
BRDA:29,2,0,2
BRDA:29,2,1,1
BRDA:32,3,0,1
BRDA:32,3,1,1
BRF:8
BRH:8
end_of_record
TN:
SF:src\application\use-cases\users\GetUser.js
FN:2,(anonymous_0)
FN:6,(anonymous_1)
FN:8,(anonymous_2)
FNF:3
FNH:3
FNDA:2,(anonymous_0)
FNDA:2,(anonymous_1)
FNDA:2,(anonymous_2)
DA:3,2
DA:7,2
DA:8,2
DA:12,1
LF:4
LH:4
BRDA:6,0,0,1
BRF:1
BRH:1
end_of_record
TN:
SF:src\application\use-cases\users\GetUserById.js
FN:2,(anonymous_0)
FN:6,(anonymous_1)
FNF:2
FNH:2
FNDA:2,(anonymous_0)
FNDA:2,(anonymous_1)
DA:3,2
DA:7,2
DA:9,2
DA:10,1
DA:11,1
DA:12,1
DA:15,1
DA:19,1
LF:8
LH:8
BRDA:9,0,0,1
BRDA:9,0,1,1
BRF:2
BRH:2
end_of_record
TN:
SF:src\application\use-cases\users\UpdateUser.js
FN:3,(anonymous_0)
FN:6,(anonymous_1)
FN:12,(anonymous_2)
FN:18,(anonymous_3)
FNF:4
FNH:4
FNDA:1,(anonymous_0)
FNDA:2,(anonymous_1)
FNDA:10,(anonymous_2)
FNDA:10,(anonymous_3)
DA:3,1
DA:6,2
DA:13,10
DA:14,10
DA:15,10
DA:19,10
DA:20,10
DA:21,1
DA:22,1
DA:23,1
DA:35,9
DA:38,9
DA:39,2
DA:40,2
DA:41,1
DA:44,1
DA:45,1
DA:50,8
DA:51,1
DA:52,1
DA:53,1
DA:56,1
DA:57,1
DA:61,7
DA:62,7
DA:63,7
DA:64,7
DA:65,7
DA:67,7
DA:68,2
DA:69,2
DA:70,1
DA:71,1
DA:72,1
DA:78,1
DA:80,1
DA:81,1
DA:82,1
DA:85,1
DA:86,1
DA:90,0
DA:93,5
DA:94,1
DA:95,1
DA:96,1
DA:97,1
DA:98,1
DA:100,0
DA:108,4
DA:109,4
DA:110,4
DA:111,1
DA:114,1
DA:118,4
DA:119,1
DA:122,3
DA:123,3
DA:124,1
DA:125,1
DA:126,1
DA:128,2
DA:131,2
DA:135,1
LF:63
LH:61
BRDA:5,0,0,1
BRDA:5,0,1,0
BRDA:5,1,0,0
BRDA:5,1,1,0
BRDA:20,2,0,1
BRDA:20,2,1,9
BRDA:38,3,0,2
BRDA:38,3,1,7
BRDA:38,4,0,9
BRDA:38,4,1,2
BRDA:40,5,0,1
BRDA:40,5,1,1
BRDA:40,6,0,2
BRDA:40,6,1,2
BRDA:50,7,0,1
BRDA:50,7,1,7
BRDA:50,8,0,8
BRDA:50,8,1,1
BRDA:52,9,0,1
BRDA:52,9,1,0
BRDA:52,10,0,1
BRDA:52,10,1,1
BRDA:62,11,0,0
BRDA:62,11,1,7
BRDA:63,12,0,0
BRDA:63,12,1,7
BRDA:64,13,0,2
BRDA:64,13,1,5
BRDA:65,14,0,1
BRDA:65,14,1,6
BRDA:67,15,0,2
BRDA:67,15,1,5
BRDA:69,16,0,1
BRDA:69,16,1,1
BRDA:69,17,0,2
BRDA:69,17,1,2
BRDA:78,18,0,1
BRDA:78,18,1,0
BRDA:81,19,0,1
BRDA:81,19,1,0
BRDA:93,20,0,1
BRDA:93,20,1,4
BRDA:95,21,0,1
BRDA:95,21,1,0
BRDA:95,22,0,1
BRDA:95,22,1,1
BRDA:110,23,0,1
BRDA:110,23,1,3
BRDA:110,24,0,4
BRDA:110,24,1,3
BRDA:111,25,0,1
BRDA:111,25,1,0
BRDA:118,26,0,1
BRDA:118,26,1,3
BRDA:119,27,0,1
BRDA:119,27,1,0
BRDA:123,28,0,1
BRDA:123,28,1,2
BRDA:128,29,0,2
BRDA:128,29,1,0
BRF:60
BRH:48
end_of_record
TN:
SF:src\interfaces\middlewares\authMiddleware.js
FN:12,(anonymous_0)
FN:27,(anonymous_1)
FN:74,(anonymous_2)
FN:75,(anonymous_3)
FN:98,(anonymous_4)
FN:98,(anonymous_5)
FN:111,(anonymous_6)
FN:122,(anonymous_7)
FNF:8
FNH:8
FNDA:15,(anonymous_0)
FNDA:8,(anonymous_1)
FNDA:3,(anonymous_2)
FNDA:3,(anonymous_3)
FNDA:6,(anonymous_4)
FNDA:6,(anonymous_5)
FNDA:3,(anonymous_6)
FNDA:2,(anonymous_7)
DA:1,1
DA:6,1
DA:7,1
DA:8,1
DA:10,1
DA:12,1
DA:13,15
DA:27,1
DA:28,8
DA:31,8
DA:32,2
DA:36,6
DA:37,6
DA:40,2
DA:44,2
DA:47,4
DA:48,4
DA:50,3
DA:51,2
DA:59,1
DA:66,1
DA:68,1
DA:69,1
DA:74,1
DA:75,3
DA:76,3
DA:77,1
DA:80,2
DA:81,2
DA:83,2
DA:84,1
DA:87,1
DA:98,6
DA:99,6
DA:100,1
DA:103,5
DA:104,5
DA:106,4
DA:107,1
DA:110,3
DA:111,3
DA:114,3
DA:115,1
DA:121,2
DA:122,2
DA:125,2
DA:126,1
DA:132,1
DA:134,1
DA:135,1
DA:139,1
LF:51
LH:51
BRDA:13,0,0,15
BRDA:13,0,1,0
BRDA:31,1,0,2
BRDA:31,1,1,6
BRDA:31,2,0,8
BRDA:31,2,1,7
BRDA:40,3,0,1
BRDA:40,3,1,1
BRDA:50,4,0,2
BRDA:50,4,1,1
BRDA:50,5,0,3
BRDA:50,5,1,2
BRDA:76,6,0,1
BRDA:76,6,1,2
BRDA:83,7,0,1
BRDA:83,7,1,1
BRDA:83,8,0,2
BRDA:83,8,1,2
BRDA:99,9,0,1
BRDA:99,9,1,5
BRDA:106,10,0,1
BRDA:106,10,1,3
BRDA:106,11,0,4
BRDA:106,11,1,3
BRDA:114,12,0,1
BRDA:114,12,1,2
BRDA:125,13,0,1
BRDA:125,13,1,1
BRF:28
BRH:27
end_of_record
